{"/Users/hirokitakamura/Documents/Dev/koemoji-web/background.js": {"path":"/Users/hirokitakamura/Documents/Dev/koemoji-web/background.js","statementMap":{"0":{"start":{"line":4,"column":29},"end":{"line":4,"column":32}},"1":{"start":{"line":5,"column":22},"end":{"line":5,"column":38}},"2":{"start":{"line":8,"column":0},"end":{"line":13,"column":2}},"3":{"start":{"line":16,"column":31},"end":{"line":16,"column":36}},"4":{"start":{"line":19,"column":21},"end":{"line":19,"column":39}},"5":{"start":{"line":22,"column":24},"end":{"line":22,"column":28}},"6":{"start":{"line":26,"column":2},"end":{"line":28,"column":3}},"7":{"start":{"line":27,"column":4},"end":{"line":27,"column":11}},"8":{"start":{"line":30,"column":2},"end":{"line":30,"column":47}},"9":{"start":{"line":33,"column":2},"end":{"line":39,"column":12}},"10":{"start":{"line":34,"column":4},"end":{"line":34,"column":35}},"11":{"start":{"line":36,"column":4},"end":{"line":38,"column":7}},"12":{"start":{"line":37,"column":6},"end":{"line":37,"column":58}},"13":{"start":{"line":44,"column":2},"end":{"line":48,"column":3}},"14":{"start":{"line":45,"column":4},"end":{"line":45,"column":37}},"15":{"start":{"line":46,"column":4},"end":{"line":46,"column":29}},"16":{"start":{"line":47,"column":4},"end":{"line":47,"column":38}},"17":{"start":{"line":54,"column":2},"end":{"line":57,"column":3}},"18":{"start":{"line":55,"column":4},"end":{"line":55,"column":64}},"19":{"start":{"line":56,"column":4},"end":{"line":56,"column":11}},"20":{"start":{"line":59,"column":2},"end":{"line":74,"column":3}},"21":{"start":{"line":61,"column":4},"end":{"line":71,"column":5}},"22":{"start":{"line":62,"column":31},"end":{"line":64,"column":8}},"23":{"start":{"line":66,"column":6},"end":{"line":70,"column":7}},"24":{"start":{"line":67,"column":8},"end":{"line":67,"column":57}},"25":{"start":{"line":68,"column":8},"end":{"line":68,"column":40}},"26":{"start":{"line":69,"column":8},"end":{"line":69,"column":15}},"27":{"start":{"line":73,"column":4},"end":{"line":73,"column":69}},"28":{"start":{"line":76,"column":2},"end":{"line":93,"column":3}},"29":{"start":{"line":77,"column":4},"end":{"line":81,"column":7}},"30":{"start":{"line":82,"column":4},"end":{"line":82,"column":36}},"31":{"start":{"line":83,"column":4},"end":{"line":83,"column":46}},"32":{"start":{"line":86,"column":4},"end":{"line":90,"column":5}},"33":{"start":{"line":87,"column":6},"end":{"line":87,"column":70}},"34":{"start":{"line":88,"column":6},"end":{"line":88,"column":38}},"35":{"start":{"line":89,"column":6},"end":{"line":89,"column":13}},"36":{"start":{"line":91,"column":4},"end":{"line":91,"column":65}},"37":{"start":{"line":92,"column":4},"end":{"line":92,"column":16}},"38":{"start":{"line":98,"column":2},"end":{"line":118,"column":3}},"39":{"start":{"line":100,"column":4},"end":{"line":110,"column":5}},"40":{"start":{"line":101,"column":31},"end":{"line":103,"column":8}},"41":{"start":{"line":105,"column":6},"end":{"line":109,"column":7}},"42":{"start":{"line":106,"column":8},"end":{"line":106,"column":54}},"43":{"start":{"line":107,"column":8},"end":{"line":107,"column":41}},"44":{"start":{"line":108,"column":8},"end":{"line":108,"column":15}},"45":{"start":{"line":112,"column":4},"end":{"line":112,"column":43}},"46":{"start":{"line":113,"column":4},"end":{"line":113,"column":37}},"47":{"start":{"line":114,"column":4},"end":{"line":114,"column":45}},"48":{"start":{"line":116,"column":4},"end":{"line":116,"column":64}},"49":{"start":{"line":117,"column":4},"end":{"line":117,"column":37}},"50":{"start":{"line":124,"column":2},"end":{"line":126,"column":3}},"51":{"start":{"line":125,"column":4},"end":{"line":125,"column":54}},"52":{"start":{"line":129,"column":27},"end":{"line":132,"column":3}},"53":{"start":{"line":134,"column":2},"end":{"line":143,"column":5}},"54":{"start":{"line":135,"column":4},"end":{"line":142,"column":7}},"55":{"start":{"line":136,"column":6},"end":{"line":141,"column":7}},"56":{"start":{"line":137,"column":8},"end":{"line":137,"column":87}},"57":{"start":{"line":138,"column":8},"end":{"line":138,"column":41}},"58":{"start":{"line":140,"column":8},"end":{"line":140,"column":26}},"59":{"start":{"line":147,"column":0},"end":{"line":150,"column":3}},"60":{"start":{"line":148,"column":2},"end":{"line":148,"column":40}},"61":{"start":{"line":149,"column":2},"end":{"line":149,"column":40}},"62":{"start":{"line":153,"column":0},"end":{"line":186,"column":3}},"63":{"start":{"line":154,"column":2},"end":{"line":154,"column":54}},"64":{"start":{"line":156,"column":2},"end":{"line":159,"column":3}},"65":{"start":{"line":158,"column":4},"end":{"line":158,"column":43}},"66":{"start":{"line":162,"column":2},"end":{"line":182,"column":3}},"67":{"start":{"line":164,"column":4},"end":{"line":179,"column":5}},"68":{"start":{"line":165,"column":31},"end":{"line":167,"column":8}},"69":{"start":{"line":169,"column":6},"end":{"line":173,"column":7}},"70":{"start":{"line":170,"column":8},"end":{"line":170,"column":63}},"71":{"start":{"line":171,"column":8},"end":{"line":171,"column":47}},"72":{"start":{"line":172,"column":8},"end":{"line":172,"column":41}},"73":{"start":{"line":176,"column":6},"end":{"line":176,"column":45}},"74":{"start":{"line":177,"column":6},"end":{"line":177,"column":39}},"75":{"start":{"line":178,"column":6},"end":{"line":178,"column":51}},"76":{"start":{"line":181,"column":4},"end":{"line":181,"column":53}},"77":{"start":{"line":185,"column":2},"end":{"line":185,"column":40}},"78":{"start":{"line":190,"column":2},"end":{"line":216,"column":3}},"79":{"start":{"line":191,"column":18},"end":{"line":191,"column":87}},"80":{"start":{"line":193,"column":4},"end":{"line":213,"column":5}},"81":{"start":{"line":194,"column":6},"end":{"line":194,"column":76}},"82":{"start":{"line":197,"column":6},"end":{"line":197,"column":23}},"83":{"start":{"line":200,"column":6},"end":{"line":212,"column":7}},"84":{"start":{"line":201,"column":8},"end":{"line":201,"column":40}},"85":{"start":{"line":202,"column":8},"end":{"line":202,"column":51}},"86":{"start":{"line":204,"column":8},"end":{"line":204,"column":70}},"87":{"start":{"line":207,"column":8},"end":{"line":210,"column":11}},"88":{"start":{"line":211,"column":8},"end":{"line":211,"column":24}},"89":{"start":{"line":215,"column":4},"end":{"line":215,"column":61}},"90":{"start":{"line":220,"column":0},"end":{"line":231,"column":3}},"91":{"start":{"line":221,"column":2},"end":{"line":221,"column":55}},"92":{"start":{"line":224,"column":2},"end":{"line":226,"column":3}},"93":{"start":{"line":225,"column":4},"end":{"line":225,"column":17}},"94":{"start":{"line":229,"column":2},"end":{"line":229,"column":52}},"95":{"start":{"line":230,"column":2},"end":{"line":230,"column":14}},"96":{"start":{"line":235,"column":2},"end":{"line":292,"column":3}},"97":{"start":{"line":236,"column":4},"end":{"line":285,"column":5}},"98":{"start":{"line":238,"column":8},"end":{"line":238,"column":51}},"99":{"start":{"line":241,"column":8},"end":{"line":241,"column":50}},"100":{"start":{"line":244,"column":8},"end":{"line":244,"column":55}},"101":{"start":{"line":247,"column":8},"end":{"line":247,"column":52}},"102":{"start":{"line":250,"column":8},"end":{"line":250,"column":51}},"103":{"start":{"line":253,"column":8},"end":{"line":253,"column":53}},"104":{"start":{"line":256,"column":8},"end":{"line":256,"column":57}},"105":{"start":{"line":259,"column":8},"end":{"line":259,"column":58}},"106":{"start":{"line":262,"column":8},"end":{"line":262,"column":48}},"107":{"start":{"line":265,"column":8},"end":{"line":265,"column":49}},"108":{"start":{"line":268,"column":8},"end":{"line":268,"column":55}},"109":{"start":{"line":271,"column":8},"end":{"line":271,"column":52}},"110":{"start":{"line":274,"column":8},"end":{"line":274,"column":53}},"111":{"start":{"line":277,"column":8},"end":{"line":277,"column":54}},"112":{"start":{"line":281,"column":8},"end":{"line":281,"column":45}},"113":{"start":{"line":284,"column":8},"end":{"line":284,"column":61}},"114":{"start":{"line":287,"column":4},"end":{"line":287,"column":52}},"115":{"start":{"line":288,"column":4},"end":{"line":291,"column":6}},"116":{"start":{"line":297,"column":2},"end":{"line":360,"column":3}},"117":{"start":{"line":299,"column":21},"end":{"line":299,"column":49}},"118":{"start":{"line":300,"column":4},"end":{"line":304,"column":7}},"119":{"start":{"line":306,"column":4},"end":{"line":315,"column":5}},"120":{"start":{"line":307,"column":6},"end":{"line":314,"column":8}},"121":{"start":{"line":318,"column":4},"end":{"line":318,"column":36}},"122":{"start":{"line":322,"column":4},"end":{"line":322,"column":76}},"123":{"start":{"line":322,"column":33},"end":{"line":322,"column":74}},"124":{"start":{"line":324,"column":21},"end":{"line":327,"column":6}},"125":{"start":{"line":329,"column":4},"end":{"line":331,"column":5}},"126":{"start":{"line":330,"column":6},"end":{"line":330,"column":57}},"127":{"start":{"line":333,"column":4},"end":{"line":333,"column":59}},"128":{"start":{"line":336,"column":4},"end":{"line":336,"column":21}},"129":{"start":{"line":339,"column":4},"end":{"line":342,"column":7}},"130":{"start":{"line":344,"column":4},"end":{"line":346,"column":6}},"131":{"start":{"line":348,"column":4},"end":{"line":348,"column":55}},"132":{"start":{"line":351,"column":4},"end":{"line":351,"column":20}},"133":{"start":{"line":354,"column":4},"end":{"line":357,"column":7}},"134":{"start":{"line":359,"column":4},"end":{"line":359,"column":16}},"135":{"start":{"line":365,"column":2},"end":{"line":453,"column":3}},"136":{"start":{"line":367,"column":4},"end":{"line":369,"column":5}},"137":{"start":{"line":368,"column":6},"end":{"line":368,"column":59}},"138":{"start":{"line":372,"column":21},"end":{"line":374,"column":6}},"139":{"start":{"line":376,"column":4},"end":{"line":378,"column":5}},"140":{"start":{"line":377,"column":6},"end":{"line":377,"column":56}},"141":{"start":{"line":380,"column":38},"end":{"line":380,"column":46}},"142":{"start":{"line":382,"column":4},"end":{"line":382,"column":71}},"143":{"start":{"line":385,"column":21},"end":{"line":385,"column":49}},"144":{"start":{"line":387,"column":4},"end":{"line":389,"column":5}},"145":{"start":{"line":388,"column":6},"end":{"line":388,"column":62}},"146":{"start":{"line":392,"column":21},"end":{"line":392,"column":43}},"147":{"start":{"line":395,"column":20},"end":{"line":401,"column":6}},"148":{"start":{"line":404,"column":23},"end":{"line":410,"column":6}},"149":{"start":{"line":407,"column":47},"end":{"line":407,"column":63}},"150":{"start":{"line":413,"column":4},"end":{"line":413,"column":45}},"151":{"start":{"line":416,"column":4},"end":{"line":419,"column":7}},"152":{"start":{"line":422,"column":4},"end":{"line":422,"column":66}},"153":{"start":{"line":425,"column":4},"end":{"line":425,"column":20}},"154":{"start":{"line":428,"column":4},"end":{"line":431,"column":7}},"155":{"start":{"line":434,"column":4},"end":{"line":434,"column":35}},"156":{"start":{"line":436,"column":4},"end":{"line":439,"column":6}},"157":{"start":{"line":441,"column":4},"end":{"line":441,"column":54}},"158":{"start":{"line":444,"column":4},"end":{"line":444,"column":20}},"159":{"start":{"line":447,"column":4},"end":{"line":450,"column":7}},"160":{"start":{"line":452,"column":4},"end":{"line":452,"column":16}},"161":{"start":{"line":458,"column":2},"end":{"line":480,"column":3}},"162":{"start":{"line":459,"column":4},"end":{"line":465,"column":5}},"163":{"start":{"line":460,"column":6},"end":{"line":464,"column":8}},"164":{"start":{"line":468,"column":21},"end":{"line":470,"column":6}},"165":{"start":{"line":472,"column":4},"end":{"line":472,"column":20}},"166":{"start":{"line":474,"column":4},"end":{"line":474,"column":60}},"167":{"start":{"line":475,"column":4},"end":{"line":479,"column":6}},"168":{"start":{"line":485,"column":2},"end":{"line":531,"column":3}},"169":{"start":{"line":486,"column":49},"end":{"line":486,"column":56}},"170":{"start":{"line":489,"column":21},"end":{"line":489,"column":49}},"171":{"start":{"line":491,"column":4},"end":{"line":493,"column":5}},"172":{"start":{"line":492,"column":6},"end":{"line":492,"column":62}},"173":{"start":{"line":496,"column":22},"end":{"line":496,"column":53}},"174":{"start":{"line":499,"column":21},"end":{"line":499,"column":43}},"175":{"start":{"line":502,"column":20},"end":{"line":508,"column":6}},"176":{"start":{"line":511,"column":23},"end":{"line":516,"column":6}},"177":{"start":{"line":519,"column":4},"end":{"line":519,"column":45}},"178":{"start":{"line":522,"column":4},"end":{"line":522,"column":56}},"179":{"start":{"line":524,"column":4},"end":{"line":527,"column":6}},"180":{"start":{"line":529,"column":4},"end":{"line":529,"column":59}},"181":{"start":{"line":530,"column":4},"end":{"line":530,"column":16}},"182":{"start":{"line":536,"column":19},"end":{"line":536,"column":38}},"183":{"start":{"line":537,"column":2},"end":{"line":537,"column":31}},"184":{"start":{"line":542,"column":2},"end":{"line":599,"column":3}},"185":{"start":{"line":543,"column":4},"end":{"line":543,"column":45}},"186":{"start":{"line":546,"column":19},"end":{"line":546,"column":52}},"187":{"start":{"line":550,"column":4},"end":{"line":553,"column":7}},"188":{"start":{"line":556,"column":4},"end":{"line":561,"column":5}},"189":{"start":{"line":557,"column":6},"end":{"line":560,"column":8}},"190":{"start":{"line":564,"column":19},"end":{"line":566,"column":6}},"191":{"start":{"line":567,"column":27},"end":{"line":567,"column":38}},"192":{"start":{"line":569,"column":4},"end":{"line":569,"column":43}},"193":{"start":{"line":572,"column":4},"end":{"line":574,"column":7}},"194":{"start":{"line":577,"column":4},"end":{"line":580,"column":7}},"195":{"start":{"line":583,"column":4},"end":{"line":585,"column":5}},"196":{"start":{"line":584,"column":6},"end":{"line":584,"column":68}},"197":{"start":{"line":587,"column":4},"end":{"line":587,"column":50}},"198":{"start":{"line":590,"column":4},"end":{"line":592,"column":7}},"199":{"start":{"line":595,"column":4},"end":{"line":598,"column":7}},"200":{"start":{"line":604,"column":18},"end":{"line":604,"column":20}},"201":{"start":{"line":605,"column":20},"end":{"line":605,"column":22}},"202":{"start":{"line":607,"column":2},"end":{"line":619,"column":3}},"203":{"start":{"line":608,"column":20},"end":{"line":611,"column":6}},"204":{"start":{"line":608,"column":49},"end":{"line":608,"column":55}},"205":{"start":{"line":609,"column":6},"end":{"line":609,"column":54}},"206":{"start":{"line":610,"column":6},"end":{"line":610,"column":20}},"207":{"start":{"line":613,"column":4},"end":{"line":613,"column":26}},"208":{"start":{"line":614,"column":4},"end":{"line":614,"column":28}},"209":{"start":{"line":616,"column":4},"end":{"line":618,"column":5}},"210":{"start":{"line":617,"column":6},"end":{"line":617,"column":36}},"211":{"start":{"line":621,"column":2},"end":{"line":621,"column":30}},"212":{"start":{"line":626,"column":2},"end":{"line":711,"column":3}},"213":{"start":{"line":627,"column":4},"end":{"line":627,"column":79}},"214":{"start":{"line":630,"column":19},"end":{"line":630,"column":52}},"215":{"start":{"line":633,"column":28},"end":{"line":638,"column":5}},"216":{"start":{"line":634,"column":35},"end":{"line":637,"column":7}},"217":{"start":{"line":641,"column":31},"end":{"line":670,"column":6}},"218":{"start":{"line":641,"column":69},"end":{"line":670,"column":5}},"219":{"start":{"line":642,"column":6},"end":{"line":669,"column":7}},"220":{"start":{"line":643,"column":8},"end":{"line":643,"column":93}},"221":{"start":{"line":646,"column":23},"end":{"line":648,"column":10}},"222":{"start":{"line":651,"column":8},"end":{"line":656,"column":11}},"223":{"start":{"line":658,"column":8},"end":{"line":658,"column":66}},"224":{"start":{"line":660,"column":8},"end":{"line":665,"column":10}},"225":{"start":{"line":667,"column":8},"end":{"line":667,"column":73}},"226":{"start":{"line":668,"column":8},"end":{"line":668,"column":20}},"227":{"start":{"line":673,"column":30},"end":{"line":673,"column":74}},"228":{"start":{"line":676,"column":4},"end":{"line":676,"column":56}},"229":{"start":{"line":676,"column":37},"end":{"line":676,"column":54}},"230":{"start":{"line":679,"column":27},"end":{"line":679,"column":82}},"231":{"start":{"line":679,"column":58},"end":{"line":679,"column":68}},"232":{"start":{"line":681,"column":4},"end":{"line":681,"column":94}},"233":{"start":{"line":684,"column":4},"end":{"line":686,"column":7}},"234":{"start":{"line":689,"column":4},"end":{"line":692,"column":7}},"235":{"start":{"line":695,"column":4},"end":{"line":697,"column":5}},"236":{"start":{"line":696,"column":6},"end":{"line":696,"column":68}},"237":{"start":{"line":699,"column":4},"end":{"line":699,"column":59}},"238":{"start":{"line":702,"column":4},"end":{"line":704,"column":7}},"239":{"start":{"line":707,"column":4},"end":{"line":710,"column":7}},"240":{"start":{"line":716,"column":2},"end":{"line":755,"column":3}},"241":{"start":{"line":717,"column":4},"end":{"line":717,"column":41}},"242":{"start":{"line":720,"column":19},"end":{"line":720,"column":52}},"243":{"start":{"line":723,"column":20},"end":{"line":723,"column":22}},"244":{"start":{"line":724,"column":4},"end":{"line":726,"column":5}},"245":{"start":{"line":725,"column":6},"end":{"line":725,"column":52}},"246":{"start":{"line":727,"column":4},"end":{"line":729,"column":5}},"247":{"start":{"line":728,"column":6},"end":{"line":728,"column":44}},"248":{"start":{"line":730,"column":19},"end":{"line":730,"column":66}},"249":{"start":{"line":732,"column":4},"end":{"line":732,"column":37}},"250":{"start":{"line":735,"column":4},"end":{"line":737,"column":7}},"251":{"start":{"line":740,"column":4},"end":{"line":746,"column":7}},"252":{"start":{"line":748,"column":4},"end":{"line":748,"column":55}},"253":{"start":{"line":751,"column":4},"end":{"line":754,"column":7}},"254":{"start":{"line":760,"column":2},"end":{"line":763,"column":5}},"255":{"start":{"line":762,"column":4},"end":{"line":762,"column":52}},"256":{"start":{"line":768,"column":2},"end":{"line":786,"column":3}},"257":{"start":{"line":769,"column":17},"end":{"line":769,"column":79}},"258":{"start":{"line":770,"column":4},"end":{"line":772,"column":5}},"259":{"start":{"line":771,"column":6},"end":{"line":771,"column":23}},"260":{"start":{"line":774,"column":16},"end":{"line":774,"column":27}},"261":{"start":{"line":776,"column":4},"end":{"line":782,"column":5}},"262":{"start":{"line":777,"column":6},"end":{"line":777,"column":27}},"263":{"start":{"line":778,"column":11},"end":{"line":782,"column":5}},"264":{"start":{"line":779,"column":6},"end":{"line":779,"column":20}},"265":{"start":{"line":781,"column":6},"end":{"line":781,"column":23}},"266":{"start":{"line":784,"column":4},"end":{"line":784,"column":55}},"267":{"start":{"line":785,"column":4},"end":{"line":785,"column":21}},"268":{"start":{"line":791,"column":24},"end":{"line":795,"column":3}},"269":{"start":{"line":796,"column":2},"end":{"line":796,"column":44}},"270":{"start":{"line":801,"column":2},"end":{"line":810,"column":3}},"271":{"start":{"line":802,"column":24},"end":{"line":802,"column":55}},"272":{"start":{"line":803,"column":4},"end":{"line":806,"column":6}},"273":{"start":{"line":808,"column":4},"end":{"line":808,"column":55}},"274":{"start":{"line":809,"column":4},"end":{"line":809,"column":16}},"275":{"start":{"line":815,"column":2},"end":{"line":824,"column":3}},"276":{"start":{"line":816,"column":19},"end":{"line":816,"column":26}},"277":{"start":{"line":817,"column":4},"end":{"line":817,"column":39}},"278":{"start":{"line":818,"column":4},"end":{"line":820,"column":6}},"279":{"start":{"line":822,"column":4},"end":{"line":822,"column":57}},"280":{"start":{"line":823,"column":4},"end":{"line":823,"column":16}},"281":{"start":{"line":829,"column":2},"end":{"line":837,"column":3}},"282":{"start":{"line":830,"column":4},"end":{"line":830,"column":41}},"283":{"start":{"line":831,"column":4},"end":{"line":833,"column":6}},"284":{"start":{"line":835,"column":4},"end":{"line":835,"column":62}},"285":{"start":{"line":836,"column":4},"end":{"line":836,"column":16}},"286":{"start":{"line":842,"column":2},"end":{"line":851,"column":3}},"287":{"start":{"line":843,"column":26},"end":{"line":843,"column":33}},"288":{"start":{"line":844,"column":4},"end":{"line":844,"column":50}},"289":{"start":{"line":845,"column":4},"end":{"line":847,"column":6}},"290":{"start":{"line":849,"column":4},"end":{"line":849,"column":63}},"291":{"start":{"line":850,"column":4},"end":{"line":850,"column":16}},"292":{"start":{"line":856,"column":2},"end":{"line":865,"column":3}},"293":{"start":{"line":857,"column":21},"end":{"line":857,"column":49}},"294":{"start":{"line":858,"column":4},"end":{"line":861,"column":6}},"295":{"start":{"line":863,"column":4},"end":{"line":863,"column":52}},"296":{"start":{"line":864,"column":4},"end":{"line":864,"column":16}},"297":{"start":{"line":870,"column":2},"end":{"line":879,"column":3}},"298":{"start":{"line":871,"column":25},"end":{"line":871,"column":32}},"299":{"start":{"line":872,"column":4},"end":{"line":872,"column":41}},"300":{"start":{"line":873,"column":4},"end":{"line":875,"column":6}},"301":{"start":{"line":877,"column":4},"end":{"line":877,"column":53}},"302":{"start":{"line":878,"column":4},"end":{"line":878,"column":16}},"303":{"start":{"line":884,"column":2},"end":{"line":897,"column":3}},"304":{"start":{"line":886,"column":25},"end":{"line":886,"column":66}},"305":{"start":{"line":889,"column":21},"end":{"line":889,"column":49}},"306":{"start":{"line":890,"column":21},"end":{"line":890,"column":66}},"307":{"start":{"line":892,"column":4},"end":{"line":894,"column":5}},"308":{"start":{"line":893,"column":6},"end":{"line":893,"column":96}},"309":{"start":{"line":896,"column":4},"end":{"line":896,"column":50}},"310":{"start":{"line":902,"column":2},"end":{"line":932,"column":3}},"311":{"start":{"line":903,"column":29},"end":{"line":903,"column":36}},"312":{"start":{"line":905,"column":4},"end":{"line":907,"column":5}},"313":{"start":{"line":906,"column":6},"end":{"line":906,"column":50}},"314":{"start":{"line":910,"column":24},"end":{"line":910,"column":65}},"315":{"start":{"line":912,"column":4},"end":{"line":914,"column":5}},"316":{"start":{"line":913,"column":6},"end":{"line":913,"column":58}},"317":{"start":{"line":917,"column":21},"end":{"line":917,"column":49}},"318":{"start":{"line":919,"column":4},"end":{"line":921,"column":5}},"319":{"start":{"line":920,"column":6},"end":{"line":920,"column":42}},"320":{"start":{"line":924,"column":4},"end":{"line":924,"column":73}},"321":{"start":{"line":926,"column":4},"end":{"line":928,"column":6}},"322":{"start":{"line":930,"column":4},"end":{"line":930,"column":59}},"323":{"start":{"line":931,"column":4},"end":{"line":931,"column":16}},"324":{"start":{"line":937,"column":2},"end":{"line":955,"column":3}},"325":{"start":{"line":938,"column":29},"end":{"line":938,"column":36}},"326":{"start":{"line":940,"column":4},"end":{"line":942,"column":5}},"327":{"start":{"line":941,"column":6},"end":{"line":941,"column":50}},"328":{"start":{"line":944,"column":4},"end":{"line":944,"column":49}},"329":{"start":{"line":947,"column":4},"end":{"line":947,"column":73}},"330":{"start":{"line":949,"column":4},"end":{"line":951,"column":6}},"331":{"start":{"line":953,"column":4},"end":{"line":953,"column":57}},"332":{"start":{"line":954,"column":4},"end":{"line":954,"column":16}},"333":{"start":{"line":960,"column":2},"end":{"line":982,"column":3}},"334":{"start":{"line":961,"column":43},"end":{"line":961,"column":50}},"335":{"start":{"line":962,"column":29},"end":{"line":962,"column":62}},"336":{"start":{"line":964,"column":4},"end":{"line":964,"column":132}},"337":{"start":{"line":967,"column":4},"end":{"line":971,"column":7}},"338":{"start":{"line":973,"column":4},"end":{"line":975,"column":6}},"339":{"start":{"line":977,"column":4},"end":{"line":977,"column":64}},"340":{"start":{"line":978,"column":4},"end":{"line":981,"column":6}},"341":{"start":{"line":987,"column":2},"end":{"line":1010,"column":3}},"342":{"start":{"line":988,"column":25},"end":{"line":988,"column":32}},"343":{"start":{"line":990,"column":4},"end":{"line":990,"column":86}},"344":{"start":{"line":993,"column":4},"end":{"line":996,"column":7}},"345":{"start":{"line":999,"column":4},"end":{"line":999,"column":34}},"346":{"start":{"line":1001,"column":4},"end":{"line":1003,"column":6}},"347":{"start":{"line":1005,"column":4},"end":{"line":1005,"column":66}},"348":{"start":{"line":1006,"column":4},"end":{"line":1009,"column":6}},"349":{"start":{"line":1013,"column":0},"end":{"line":1013,"column":40}}},"fnMap":{"0":{"name":"startKeepAlive","decl":{"start":{"line":25,"column":9},"end":{"line":25,"column":23}},"loc":{"start":{"line":25,"column":26},"end":{"line":40,"column":1}},"line":25},"1":{"name":"(anonymous_1)","decl":{"start":{"line":33,"column":34},"end":{"line":33,"column":35}},"loc":{"start":{"line":33,"column":40},"end":{"line":39,"column":3}},"line":33},"2":{"name":"(anonymous_2)","decl":{"start":{"line":36,"column":42},"end":{"line":36,"column":43}},"loc":{"start":{"line":36,"column":48},"end":{"line":38,"column":5}},"line":36},"3":{"name":"stopKeepAlive","decl":{"start":{"line":43,"column":9},"end":{"line":43,"column":22}},"loc":{"start":{"line":43,"column":25},"end":{"line":49,"column":1}},"line":43},"4":{"name":"createOffscreenDocument","decl":{"start":{"line":52,"column":15},"end":{"line":52,"column":38}},"loc":{"start":{"line":52,"column":41},"end":{"line":94,"column":1}},"line":52},"5":{"name":"closeOffscreenDocument","decl":{"start":{"line":97,"column":15},"end":{"line":97,"column":37}},"loc":{"start":{"line":97,"column":40},"end":{"line":119,"column":1}},"line":97},"6":{"name":"sendMessageToOffscreen","decl":{"start":{"line":122,"column":15},"end":{"line":122,"column":37}},"loc":{"start":{"line":122,"column":47},"end":{"line":144,"column":1}},"line":122},"7":{"name":"(anonymous_7)","decl":{"start":{"line":134,"column":21},"end":{"line":134,"column":22}},"loc":{"start":{"line":134,"column":42},"end":{"line":143,"column":3}},"line":134},"8":{"name":"(anonymous_8)","decl":{"start":{"line":135,"column":49},"end":{"line":135,"column":50}},"loc":{"start":{"line":135,"column":63},"end":{"line":142,"column":5}},"line":135},"9":{"name":"(anonymous_9)","decl":{"start":{"line":147,"column":37},"end":{"line":147,"column":38}},"loc":{"start":{"line":147,"column":49},"end":{"line":150,"column":1}},"line":147},"10":{"name":"(anonymous_10)","decl":{"start":{"line":153,"column":39},"end":{"line":153,"column":40}},"loc":{"start":{"line":153,"column":58},"end":{"line":186,"column":1}},"line":153},"11":{"name":"checkAndRestoreRecordingState","decl":{"start":{"line":189,"column":15},"end":{"line":189,"column":44}},"loc":{"start":{"line":189,"column":47},"end":{"line":217,"column":1}},"line":189},"12":{"name":"(anonymous_12)","decl":{"start":{"line":220,"column":37},"end":{"line":220,"column":38}},"loc":{"start":{"line":220,"column":72},"end":{"line":231,"column":1}},"line":220},"13":{"name":"handleMessage","decl":{"start":{"line":234,"column":15},"end":{"line":234,"column":28}},"loc":{"start":{"line":234,"column":46},"end":{"line":293,"column":1}},"line":234},"14":{"name":"handleStartRecording","decl":{"start":{"line":296,"column":15},"end":{"line":296,"column":35}},"loc":{"start":{"line":296,"column":45},"end":{"line":361,"column":1}},"line":296},"15":{"name":"(anonymous_15)","decl":{"start":{"line":322,"column":22},"end":{"line":322,"column":23}},"loc":{"start":{"line":322,"column":33},"end":{"line":322,"column":74}},"line":322},"16":{"name":"handleStopRecording","decl":{"start":{"line":364,"column":15},"end":{"line":364,"column":34}},"loc":{"start":{"line":364,"column":44},"end":{"line":454,"column":1}},"line":364},"17":{"name":"(anonymous_17)","decl":{"start":{"line":407,"column":31},"end":{"line":407,"column":32}},"loc":{"start":{"line":407,"column":47},"end":{"line":407,"column":63}},"line":407},"18":{"name":"handleGetRecordingStatus","decl":{"start":{"line":457,"column":15},"end":{"line":457,"column":39}},"loc":{"start":{"line":457,"column":49},"end":{"line":481,"column":1}},"line":457},"19":{"name":"handleTranscribeAudio","decl":{"start":{"line":484,"column":15},"end":{"line":484,"column":36}},"loc":{"start":{"line":484,"column":46},"end":{"line":532,"column":1}},"line":484},"20":{"name":"base64ToBlob","decl":{"start":{"line":535,"column":15},"end":{"line":535,"column":27}},"loc":{"start":{"line":535,"column":36},"end":{"line":538,"column":1}},"line":535},"21":{"name":"transcribeAudio","decl":{"start":{"line":541,"column":15},"end":{"line":541,"column":30}},"loc":{"start":{"line":541,"column":66},"end":{"line":600,"column":1}},"line":541},"22":{"name":"limitedParallel","decl":{"start":{"line":603,"column":15},"end":{"line":603,"column":30}},"loc":{"start":{"line":603,"column":49},"end":{"line":622,"column":1}},"line":603},"23":{"name":"(anonymous_23)","decl":{"start":{"line":608,"column":43},"end":{"line":608,"column":44}},"loc":{"start":{"line":608,"column":49},"end":{"line":608,"column":55}},"line":608},"24":{"name":"(anonymous_24)","decl":{"start":{"line":608,"column":62},"end":{"line":608,"column":63}},"loc":{"start":{"line":608,"column":72},"end":{"line":611,"column":5}},"line":608},"25":{"name":"transcribeChunksAndSummarize","decl":{"start":{"line":625,"column":15},"end":{"line":625,"column":43}},"loc":{"start":{"line":625,"column":76},"end":{"line":712,"column":1}},"line":625},"26":{"name":"(anonymous_26)","decl":{"start":{"line":634,"column":17},"end":{"line":634,"column":18}},"loc":{"start":{"line":634,"column":35},"end":{"line":637,"column":7}},"line":634},"27":{"name":"(anonymous_27)","decl":{"start":{"line":641,"column":51},"end":{"line":641,"column":52}},"loc":{"start":{"line":641,"column":69},"end":{"line":670,"column":5}},"line":641},"28":{"name":"(anonymous_28)","decl":{"start":{"line":641,"column":69},"end":{"line":641,"column":70}},"loc":{"start":{"line":641,"column":81},"end":{"line":670,"column":5}},"line":641},"29":{"name":"(anonymous_29)","decl":{"start":{"line":676,"column":27},"end":{"line":676,"column":28}},"loc":{"start":{"line":676,"column":37},"end":{"line":676,"column":54}},"line":676},"30":{"name":"(anonymous_30)","decl":{"start":{"line":679,"column":49},"end":{"line":679,"column":50}},"loc":{"start":{"line":679,"column":58},"end":{"line":679,"column":68}},"line":679},"31":{"name":"generateSummary","decl":{"start":{"line":715,"column":15},"end":{"line":715,"column":30}},"loc":{"start":{"line":715,"column":71},"end":{"line":756,"column":1}},"line":715},"32":{"name":"notifyPopup","decl":{"start":{"line":759,"column":9},"end":{"line":759,"column":20}},"loc":{"start":{"line":759,"column":30},"end":{"line":764,"column":1}},"line":759},"33":{"name":"(anonymous_33)","decl":{"start":{"line":760,"column":44},"end":{"line":760,"column":45}},"loc":{"start":{"line":760,"column":53},"end":{"line":763,"column":3}},"line":760},"34":{"name":"detectPlatform","decl":{"start":{"line":767,"column":15},"end":{"line":767,"column":29}},"loc":{"start":{"line":767,"column":32},"end":{"line":787,"column":1}},"line":767},"35":{"name":"getPlatformName","decl":{"start":{"line":790,"column":9},"end":{"line":790,"column":24}},"loc":{"start":{"line":790,"column":35},"end":{"line":797,"column":1}},"line":790},"36":{"name":"handleGetTranscripts","decl":{"start":{"line":800,"column":15},"end":{"line":800,"column":35}},"loc":{"start":{"line":800,"column":45},"end":{"line":811,"column":1}},"line":800},"37":{"name":"handleDeleteTranscript","decl":{"start":{"line":814,"column":15},"end":{"line":814,"column":37}},"loc":{"start":{"line":814,"column":47},"end":{"line":825,"column":1}},"line":814},"38":{"name":"handleDeleteAllTranscripts","decl":{"start":{"line":828,"column":15},"end":{"line":828,"column":41}},"loc":{"start":{"line":828,"column":51},"end":{"line":838,"column":1}},"line":828},"39":{"name":"handleUpdateTranscriptTitle","decl":{"start":{"line":841,"column":15},"end":{"line":841,"column":42}},"loc":{"start":{"line":841,"column":52},"end":{"line":852,"column":1}},"line":841},"40":{"name":"handleGetSettings","decl":{"start":{"line":855,"column":15},"end":{"line":855,"column":32}},"loc":{"start":{"line":855,"column":42},"end":{"line":866,"column":1}},"line":855},"41":{"name":"handleSaveSettings","decl":{"start":{"line":869,"column":15},"end":{"line":869,"column":33}},"loc":{"start":{"line":869,"column":43},"end":{"line":880,"column":1}},"line":869},"42":{"name":"cleanupAudioStorage","decl":{"start":{"line":883,"column":15},"end":{"line":883,"column":34}},"loc":{"start":{"line":883,"column":45},"end":{"line":898,"column":1}},"line":883},"43":{"name":"handleRetryTranscription","decl":{"start":{"line":901,"column":15},"end":{"line":901,"column":39}},"loc":{"start":{"line":901,"column":49},"end":{"line":933,"column":1}},"line":901},"44":{"name":"handleDeleteAudioFile","decl":{"start":{"line":936,"column":15},"end":{"line":936,"column":36}},"loc":{"start":{"line":936,"column":46},"end":{"line":956,"column":1}},"line":936},"45":{"name":"handleRecordingWarning","decl":{"start":{"line":959,"column":15},"end":{"line":959,"column":37}},"loc":{"start":{"line":959,"column":47},"end":{"line":983,"column":1}},"line":959},"46":{"name":"handleRecordingAutoStop","decl":{"start":{"line":986,"column":15},"end":{"line":986,"column":38}},"loc":{"start":{"line":986,"column":48},"end":{"line":1011,"column":1}},"line":986}},"branchMap":{"0":{"loc":{"start":{"line":26,"column":2},"end":{"line":28,"column":3}},"type":"if","locations":[{"start":{"line":26,"column":2},"end":{"line":28,"column":3}},{"start":{},"end":{}}],"line":26},"1":{"loc":{"start":{"line":44,"column":2},"end":{"line":48,"column":3}},"type":"if","locations":[{"start":{"line":44,"column":2},"end":{"line":48,"column":3}},{"start":{},"end":{}}],"line":44},"2":{"loc":{"start":{"line":54,"column":2},"end":{"line":57,"column":3}},"type":"if","locations":[{"start":{"line":54,"column":2},"end":{"line":57,"column":3}},{"start":{},"end":{}}],"line":54},"3":{"loc":{"start":{"line":61,"column":4},"end":{"line":71,"column":5}},"type":"if","locations":[{"start":{"line":61,"column":4},"end":{"line":71,"column":5}},{"start":{},"end":{}}],"line":61},"4":{"loc":{"start":{"line":66,"column":6},"end":{"line":70,"column":7}},"type":"if","locations":[{"start":{"line":66,"column":6},"end":{"line":70,"column":7}},{"start":{},"end":{}}],"line":66},"5":{"loc":{"start":{"line":86,"column":4},"end":{"line":90,"column":5}},"type":"if","locations":[{"start":{"line":86,"column":4},"end":{"line":90,"column":5}},{"start":{},"end":{}}],"line":86},"6":{"loc":{"start":{"line":86,"column":8},"end":{"line":86,"column":83}},"type":"binary-expr","locations":[{"start":{"line":86,"column":8},"end":{"line":86,"column":21}},{"start":{"line":86,"column":25},"end":{"line":86,"column":83}}],"line":86},"7":{"loc":{"start":{"line":100,"column":4},"end":{"line":110,"column":5}},"type":"if","locations":[{"start":{"line":100,"column":4},"end":{"line":110,"column":5}},{"start":{},"end":{}}],"line":100},"8":{"loc":{"start":{"line":105,"column":6},"end":{"line":109,"column":7}},"type":"if","locations":[{"start":{"line":105,"column":6},"end":{"line":109,"column":7}},{"start":{},"end":{}}],"line":105},"9":{"loc":{"start":{"line":124,"column":2},"end":{"line":126,"column":3}},"type":"if","locations":[{"start":{"line":124,"column":2},"end":{"line":126,"column":3}},{"start":{},"end":{}}],"line":124},"10":{"loc":{"start":{"line":136,"column":6},"end":{"line":141,"column":7}},"type":"if","locations":[{"start":{"line":136,"column":6},"end":{"line":141,"column":7}},{"start":{"line":139,"column":13},"end":{"line":141,"column":7}}],"line":136},"11":{"loc":{"start":{"line":156,"column":2},"end":{"line":159,"column":3}},"type":"if","locations":[{"start":{"line":156,"column":2},"end":{"line":159,"column":3}},{"start":{},"end":{}}],"line":156},"12":{"loc":{"start":{"line":164,"column":4},"end":{"line":179,"column":5}},"type":"if","locations":[{"start":{"line":164,"column":4},"end":{"line":179,"column":5}},{"start":{"line":174,"column":11},"end":{"line":179,"column":5}}],"line":164},"13":{"loc":{"start":{"line":169,"column":6},"end":{"line":173,"column":7}},"type":"if","locations":[{"start":{"line":169,"column":6},"end":{"line":173,"column":7}},{"start":{},"end":{}}],"line":169},"14":{"loc":{"start":{"line":193,"column":4},"end":{"line":213,"column":5}},"type":"if","locations":[{"start":{"line":193,"column":4},"end":{"line":213,"column":5}},{"start":{},"end":{}}],"line":193},"15":{"loc":{"start":{"line":193,"column":8},"end":{"line":193,"column":53}},"type":"binary-expr","locations":[{"start":{"line":193,"column":8},"end":{"line":193,"column":25}},{"start":{"line":193,"column":29},"end":{"line":193,"column":53}}],"line":193},"16":{"loc":{"start":{"line":224,"column":2},"end":{"line":226,"column":3}},"type":"if","locations":[{"start":{"line":224,"column":2},"end":{"line":226,"column":3}},{"start":{},"end":{}}],"line":224},"17":{"loc":{"start":{"line":236,"column":4},"end":{"line":285,"column":5}},"type":"switch","locations":[{"start":{"line":237,"column":6},"end":{"line":238,"column":51}},{"start":{"line":240,"column":6},"end":{"line":241,"column":50}},{"start":{"line":243,"column":6},"end":{"line":244,"column":55}},{"start":{"line":246,"column":6},"end":{"line":247,"column":52}},{"start":{"line":249,"column":6},"end":{"line":250,"column":51}},{"start":{"line":252,"column":6},"end":{"line":253,"column":53}},{"start":{"line":255,"column":6},"end":{"line":256,"column":57}},{"start":{"line":258,"column":6},"end":{"line":259,"column":58}},{"start":{"line":261,"column":6},"end":{"line":262,"column":48}},{"start":{"line":264,"column":6},"end":{"line":265,"column":49}},{"start":{"line":267,"column":6},"end":{"line":268,"column":55}},{"start":{"line":270,"column":6},"end":{"line":271,"column":52}},{"start":{"line":273,"column":6},"end":{"line":274,"column":53}},{"start":{"line":276,"column":6},"end":{"line":277,"column":54}},{"start":{"line":279,"column":6},"end":{"line":281,"column":45}},{"start":{"line":283,"column":6},"end":{"line":284,"column":61}}],"line":236},"18":{"loc":{"start":{"line":306,"column":4},"end":{"line":315,"column":5}},"type":"if","locations":[{"start":{"line":306,"column":4},"end":{"line":315,"column":5}},{"start":{},"end":{}}],"line":306},"19":{"loc":{"start":{"line":329,"column":4},"end":{"line":331,"column":5}},"type":"if","locations":[{"start":{"line":329,"column":4},"end":{"line":331,"column":5}},{"start":{},"end":{}}],"line":329},"20":{"loc":{"start":{"line":329,"column":8},"end":{"line":329,"column":38}},"type":"binary-expr","locations":[{"start":{"line":329,"column":8},"end":{"line":329,"column":17}},{"start":{"line":329,"column":21},"end":{"line":329,"column":38}}],"line":329},"21":{"loc":{"start":{"line":330,"column":22},"end":{"line":330,"column":55}},"type":"binary-expr","locations":[{"start":{"line":330,"column":22},"end":{"line":330,"column":37}},{"start":{"line":330,"column":41},"end":{"line":330,"column":55}}],"line":330},"22":{"loc":{"start":{"line":367,"column":4},"end":{"line":369,"column":5}},"type":"if","locations":[{"start":{"line":367,"column":4},"end":{"line":369,"column":5}},{"start":{},"end":{}}],"line":367},"23":{"loc":{"start":{"line":376,"column":4},"end":{"line":378,"column":5}},"type":"if","locations":[{"start":{"line":376,"column":4},"end":{"line":378,"column":5}},{"start":{},"end":{}}],"line":376},"24":{"loc":{"start":{"line":377,"column":22},"end":{"line":377,"column":54}},"type":"binary-expr","locations":[{"start":{"line":377,"column":22},"end":{"line":377,"column":36}},{"start":{"line":377,"column":40},"end":{"line":377,"column":54}}],"line":377},"25":{"loc":{"start":{"line":387,"column":4},"end":{"line":389,"column":5}},"type":"if","locations":[{"start":{"line":387,"column":4},"end":{"line":389,"column":5}},{"start":{},"end":{}}],"line":387},"26":{"loc":{"start":{"line":459,"column":4},"end":{"line":465,"column":5}},"type":"if","locations":[{"start":{"line":459,"column":4},"end":{"line":465,"column":5}},{"start":{},"end":{}}],"line":459},"27":{"loc":{"start":{"line":491,"column":4},"end":{"line":493,"column":5}},"type":"if","locations":[{"start":{"line":491,"column":4},"end":{"line":493,"column":5}},{"start":{},"end":{}}],"line":491},"28":{"loc":{"start":{"line":556,"column":4},"end":{"line":561,"column":5}},"type":"if","locations":[{"start":{"line":556,"column":4},"end":{"line":561,"column":5}},{"start":{},"end":{}}],"line":556},"29":{"loc":{"start":{"line":583,"column":4},"end":{"line":585,"column":5}},"type":"if","locations":[{"start":{"line":583,"column":4},"end":{"line":585,"column":5}},{"start":{},"end":{}}],"line":583},"30":{"loc":{"start":{"line":603,"column":38},"end":{"line":603,"column":47}},"type":"default-arg","locations":[{"start":{"line":603,"column":46},"end":{"line":603,"column":47}}],"line":603},"31":{"loc":{"start":{"line":616,"column":4},"end":{"line":618,"column":5}},"type":"if","locations":[{"start":{"line":616,"column":4},"end":{"line":618,"column":5}},{"start":{},"end":{}}],"line":616},"32":{"loc":{"start":{"line":695,"column":4},"end":{"line":697,"column":5}},"type":"if","locations":[{"start":{"line":695,"column":4},"end":{"line":697,"column":5}},{"start":{},"end":{}}],"line":695},"33":{"loc":{"start":{"line":724,"column":4},"end":{"line":726,"column":5}},"type":"if","locations":[{"start":{"line":724,"column":4},"end":{"line":726,"column":5}},{"start":{},"end":{}}],"line":724},"34":{"loc":{"start":{"line":727,"column":4},"end":{"line":729,"column":5}},"type":"if","locations":[{"start":{"line":727,"column":4},"end":{"line":729,"column":5}},{"start":{},"end":{}}],"line":727},"35":{"loc":{"start":{"line":770,"column":4},"end":{"line":772,"column":5}},"type":"if","locations":[{"start":{"line":770,"column":4},"end":{"line":772,"column":5}},{"start":{},"end":{}}],"line":770},"36":{"loc":{"start":{"line":776,"column":4},"end":{"line":782,"column":5}},"type":"if","locations":[{"start":{"line":776,"column":4},"end":{"line":782,"column":5}},{"start":{"line":778,"column":11},"end":{"line":782,"column":5}}],"line":776},"37":{"loc":{"start":{"line":778,"column":11},"end":{"line":782,"column":5}},"type":"if","locations":[{"start":{"line":778,"column":11},"end":{"line":782,"column":5}},{"start":{"line":780,"column":11},"end":{"line":782,"column":5}}],"line":778},"38":{"loc":{"start":{"line":796,"column":9},"end":{"line":796,"column":43}},"type":"binary-expr","locations":[{"start":{"line":796,"column":9},"end":{"line":796,"column":32}},{"start":{"line":796,"column":36},"end":{"line":796,"column":43}}],"line":796},"39":{"loc":{"start":{"line":889,"column":21},"end":{"line":889,"column":49}},"type":"binary-expr","locations":[{"start":{"line":889,"column":21},"end":{"line":889,"column":43}},{"start":{"line":889,"column":47},"end":{"line":889,"column":49}}],"line":889},"40":{"loc":{"start":{"line":892,"column":4},"end":{"line":894,"column":5}},"type":"if","locations":[{"start":{"line":892,"column":4},"end":{"line":894,"column":5}},{"start":{},"end":{}}],"line":892},"41":{"loc":{"start":{"line":892,"column":8},"end":{"line":892,"column":40}},"type":"binary-expr","locations":[{"start":{"line":892,"column":8},"end":{"line":892,"column":24}},{"start":{"line":892,"column":28},"end":{"line":892,"column":40}}],"line":892},"42":{"loc":{"start":{"line":905,"column":4},"end":{"line":907,"column":5}},"type":"if","locations":[{"start":{"line":905,"column":4},"end":{"line":907,"column":5}},{"start":{},"end":{}}],"line":905},"43":{"loc":{"start":{"line":912,"column":4},"end":{"line":914,"column":5}},"type":"if","locations":[{"start":{"line":912,"column":4},"end":{"line":914,"column":5}},{"start":{},"end":{}}],"line":912},"44":{"loc":{"start":{"line":912,"column":8},"end":{"line":912,"column":46}},"type":"binary-expr","locations":[{"start":{"line":912,"column":8},"end":{"line":912,"column":20}},{"start":{"line":912,"column":24},"end":{"line":912,"column":46}}],"line":912},"45":{"loc":{"start":{"line":919,"column":4},"end":{"line":921,"column":5}},"type":"if","locations":[{"start":{"line":919,"column":4},"end":{"line":921,"column":5}},{"start":{},"end":{}}],"line":919},"46":{"loc":{"start":{"line":940,"column":4},"end":{"line":942,"column":5}},"type":"if","locations":[{"start":{"line":940,"column":4},"end":{"line":942,"column":5}},{"start":{},"end":{}}],"line":940}},"s":{"0":0,"1":0,"2":0,"3":0,"4":0,"5":0,"6":0,"7":0,"8":0,"9":0,"10":0,"11":0,"12":0,"13":0,"14":0,"15":0,"16":0,"17":0,"18":0,"19":0,"20":0,"21":0,"22":0,"23":0,"24":0,"25":0,"26":0,"27":0,"28":0,"29":0,"30":0,"31":0,"32":0,"33":0,"34":0,"35":0,"36":0,"37":0,"38":0,"39":0,"40":0,"41":0,"42":0,"43":0,"44":0,"45":0,"46":0,"47":0,"48":0,"49":0,"50":0,"51":0,"52":0,"53":0,"54":0,"55":0,"56":0,"57":0,"58":0,"59":0,"60":0,"61":0,"62":0,"63":0,"64":0,"65":0,"66":0,"67":0,"68":0,"69":0,"70":0,"71":0,"72":0,"73":0,"74":0,"75":0,"76":0,"77":0,"78":0,"79":0,"80":0,"81":0,"82":0,"83":0,"84":0,"85":0,"86":0,"87":0,"88":0,"89":0,"90":0,"91":0,"92":0,"93":0,"94":0,"95":0,"96":0,"97":0,"98":0,"99":0,"100":0,"101":0,"102":0,"103":0,"104":0,"105":0,"106":0,"107":0,"108":0,"109":0,"110":0,"111":0,"112":0,"113":0,"114":0,"115":0,"116":0,"117":0,"118":0,"119":0,"120":0,"121":0,"122":0,"123":0,"124":0,"125":0,"126":0,"127":0,"128":0,"129":0,"130":0,"131":0,"132":0,"133":0,"134":0,"135":0,"136":0,"137":0,"138":0,"139":0,"140":0,"141":0,"142":0,"143":0,"144":0,"145":0,"146":0,"147":0,"148":0,"149":0,"150":0,"151":0,"152":0,"153":0,"154":0,"155":0,"156":0,"157":0,"158":0,"159":0,"160":0,"161":0,"162":0,"163":0,"164":0,"165":0,"166":0,"167":0,"168":0,"169":0,"170":0,"171":0,"172":0,"173":0,"174":0,"175":0,"176":0,"177":0,"178":0,"179":0,"180":0,"181":0,"182":0,"183":0,"184":0,"185":0,"186":0,"187":0,"188":0,"189":0,"190":0,"191":0,"192":0,"193":0,"194":0,"195":0,"196":0,"197":0,"198":0,"199":0,"200":0,"201":0,"202":0,"203":0,"204":0,"205":0,"206":0,"207":0,"208":0,"209":0,"210":0,"211":0,"212":0,"213":0,"214":0,"215":0,"216":0,"217":0,"218":0,"219":0,"220":0,"221":0,"222":0,"223":0,"224":0,"225":0,"226":0,"227":0,"228":0,"229":0,"230":0,"231":0,"232":0,"233":0,"234":0,"235":0,"236":0,"237":0,"238":0,"239":0,"240":0,"241":0,"242":0,"243":0,"244":0,"245":0,"246":0,"247":0,"248":0,"249":0,"250":0,"251":0,"252":0,"253":0,"254":0,"255":0,"256":0,"257":0,"258":0,"259":0,"260":0,"261":0,"262":0,"263":0,"264":0,"265":0,"266":0,"267":0,"268":0,"269":0,"270":0,"271":0,"272":0,"273":0,"274":0,"275":0,"276":0,"277":0,"278":0,"279":0,"280":0,"281":0,"282":0,"283":0,"284":0,"285":0,"286":0,"287":0,"288":0,"289":0,"290":0,"291":0,"292":0,"293":0,"294":0,"295":0,"296":0,"297":0,"298":0,"299":0,"300":0,"301":0,"302":0,"303":0,"304":0,"305":0,"306":0,"307":0,"308":0,"309":0,"310":0,"311":0,"312":0,"313":0,"314":0,"315":0,"316":0,"317":0,"318":0,"319":0,"320":0,"321":0,"322":0,"323":0,"324":0,"325":0,"326":0,"327":0,"328":0,"329":0,"330":0,"331":0,"332":0,"333":0,"334":0,"335":0,"336":0,"337":0,"338":0,"339":0,"340":0,"341":0,"342":0,"343":0,"344":0,"345":0,"346":0,"347":0,"348":0,"349":0},"f":{"0":0,"1":0,"2":0,"3":0,"4":0,"5":0,"6":0,"7":0,"8":0,"9":0,"10":0,"11":0,"12":0,"13":0,"14":0,"15":0,"16":0,"17":0,"18":0,"19":0,"20":0,"21":0,"22":0,"23":0,"24":0,"25":0,"26":0,"27":0,"28":0,"29":0,"30":0,"31":0,"32":0,"33":0,"34":0,"35":0,"36":0,"37":0,"38":0,"39":0,"40":0,"41":0,"42":0,"43":0,"44":0,"45":0,"46":0},"b":{"0":[0,0],"1":[0,0],"2":[0,0],"3":[0,0],"4":[0,0],"5":[0,0],"6":[0,0],"7":[0,0],"8":[0,0],"9":[0,0],"10":[0,0],"11":[0,0],"12":[0,0],"13":[0,0],"14":[0,0],"15":[0,0],"16":[0,0],"17":[0,0,0,0,0,0,0,0,0,0,0,0,0,0,0,0],"18":[0,0],"19":[0,0],"20":[0,0],"21":[0,0],"22":[0,0],"23":[0,0],"24":[0,0],"25":[0,0],"26":[0,0],"27":[0,0],"28":[0,0],"29":[0,0],"30":[0],"31":[0,0],"32":[0,0],"33":[0,0],"34":[0,0],"35":[0,0],"36":[0,0],"37":[0,0],"38":[0,0],"39":[0,0],"40":[0,0],"41":[0,0],"42":[0,0],"43":[0,0],"44":[0,0],"45":[0,0],"46":[0,0]}}
,"/Users/hirokitakamura/Documents/Dev/koemoji-web/offscreen.js": {"path":"/Users/hirokitakamura/Documents/Dev/koemoji-web/offscreen.js","statementMap":{"0":{"start":{"line":3,"column":0},"end":{"line":3,"column":41}},"1":{"start":{"line":6,"column":31},"end":{"line":6,"column":42}},"2":{"start":{"line":7,"column":25},"end":{"line":7,"column":46}},"3":{"start":{"line":10,"column":20},"end":{"line":10,"column":24}},"4":{"start":{"line":11,"column":25},"end":{"line":11,"column":29}},"5":{"start":{"line":12,"column":28},"end":{"line":12,"column":32}},"6":{"start":{"line":13,"column":19},"end":{"line":13,"column":24}},"7":{"start":{"line":16,"column":0},"end":{"line":33,"column":3}},"8":{"start":{"line":17,"column":2},"end":{"line":17,"column":54}},"9":{"start":{"line":20,"column":2},"end":{"line":22,"column":3}},"10":{"start":{"line":21,"column":4},"end":{"line":21,"column":17}},"11":{"start":{"line":24,"column":2},"end":{"line":30,"column":5}},"12":{"start":{"line":25,"column":4},"end":{"line":25,"column":52}},"13":{"start":{"line":26,"column":4},"end":{"line":29,"column":7}},"14":{"start":{"line":32,"column":2},"end":{"line":32,"column":14}},"15":{"start":{"line":37,"column":2},"end":{"line":49,"column":3}},"16":{"start":{"line":39,"column":6},"end":{"line":39,"column":49}},"17":{"start":{"line":42,"column":6},"end":{"line":42,"column":48}},"18":{"start":{"line":45,"column":6},"end":{"line":45,"column":53}},"19":{"start":{"line":48,"column":6},"end":{"line":48,"column":59}},"20":{"start":{"line":54,"column":2},"end":{"line":82,"column":3}},"21":{"start":{"line":55,"column":25},"end":{"line":55,"column":32}},"22":{"start":{"line":57,"column":4},"end":{"line":59,"column":5}},"23":{"start":{"line":58,"column":6},"end":{"line":58,"column":42}},"24":{"start":{"line":61,"column":4},"end":{"line":61,"column":61}},"25":{"start":{"line":64,"column":4},"end":{"line":64,"column":40}},"26":{"start":{"line":67,"column":4},"end":{"line":67,"column":40}},"27":{"start":{"line":70,"column":4},"end":{"line":70,"column":36}},"28":{"start":{"line":71,"column":4},"end":{"line":71,"column":25}},"29":{"start":{"line":72,"column":4},"end":{"line":72,"column":25}},"30":{"start":{"line":74,"column":4},"end":{"line":74,"column":50}},"31":{"start":{"line":76,"column":4},"end":{"line":78,"column":6}},"32":{"start":{"line":80,"column":4},"end":{"line":80,"column":55}},"33":{"start":{"line":81,"column":4},"end":{"line":81,"column":16}},"34":{"start":{"line":87,"column":2},"end":{"line":139,"column":3}},"35":{"start":{"line":88,"column":4},"end":{"line":90,"column":5}},"36":{"start":{"line":89,"column":6},"end":{"line":89,"column":38}},"37":{"start":{"line":92,"column":4},"end":{"line":92,"column":41}},"38":{"start":{"line":95,"column":4},"end":{"line":95,"column":24}},"39":{"start":{"line":98,"column":22},"end":{"line":98,"column":48}},"40":{"start":{"line":99,"column":26},"end":{"line":99,"column":53}},"41":{"start":{"line":101,"column":4},"end":{"line":104,"column":7}},"42":{"start":{"line":107,"column":4},"end":{"line":107,"column":50}},"43":{"start":{"line":108,"column":19},"end":{"line":108,"column":64}},"44":{"start":{"line":109,"column":4},"end":{"line":109,"column":60}},"45":{"start":{"line":112,"column":4},"end":{"line":112,"column":21}},"46":{"start":{"line":115,"column":4},"end":{"line":115,"column":50}},"47":{"start":{"line":116,"column":23},"end":{"line":124,"column":5}},"48":{"start":{"line":117,"column":35},"end":{"line":123,"column":7}},"49":{"start":{"line":127,"column":4},"end":{"line":127,"column":25}},"50":{"start":{"line":128,"column":4},"end":{"line":128,"column":30}},"51":{"start":{"line":129,"column":4},"end":{"line":129,"column":25}},"52":{"start":{"line":131,"column":4},"end":{"line":135,"column":6}},"53":{"start":{"line":137,"column":4},"end":{"line":137,"column":54}},"54":{"start":{"line":138,"column":4},"end":{"line":138,"column":16}},"55":{"start":{"line":144,"column":2},"end":{"line":156,"column":3}},"56":{"start":{"line":145,"column":24},"end":{"line":145,"column":68}},"57":{"start":{"line":146,"column":21},"end":{"line":146,"column":68}},"58":{"start":{"line":148,"column":4},"end":{"line":152,"column":6}},"59":{"start":{"line":154,"column":4},"end":{"line":154,"column":60}},"60":{"start":{"line":155,"column":4},"end":{"line":155,"column":16}},"61":{"start":{"line":161,"column":2},"end":{"line":166,"column":5}},"62":{"start":{"line":162,"column":19},"end":{"line":162,"column":35}},"63":{"start":{"line":163,"column":4},"end":{"line":163,"column":52}},"64":{"start":{"line":163,"column":29},"end":{"line":163,"column":51}},"65":{"start":{"line":164,"column":4},"end":{"line":164,"column":28}},"66":{"start":{"line":165,"column":4},"end":{"line":165,"column":31}},"67":{"start":{"line":172,"column":2},"end":{"line":174,"column":3}},"68":{"start":{"line":173,"column":4},"end":{"line":173,"column":41}},"69":{"start":{"line":177,"column":2},"end":{"line":216,"column":12}},"70":{"start":{"line":178,"column":4},"end":{"line":181,"column":5}},"71":{"start":{"line":179,"column":6},"end":{"line":179,"column":26}},"72":{"start":{"line":180,"column":6},"end":{"line":180,"column":13}},"73":{"start":{"line":183,"column":27},"end":{"line":183,"column":67}},"74":{"start":{"line":186,"column":4},"end":{"line":198,"column":5}},"75":{"start":{"line":187,"column":6},"end":{"line":187,"column":26}},"76":{"start":{"line":188,"column":6},"end":{"line":188,"column":93}},"77":{"start":{"line":191,"column":6},"end":{"line":197,"column":9}},"78":{"start":{"line":196,"column":8},"end":{"line":196,"column":56}},"79":{"start":{"line":201,"column":4},"end":{"line":215,"column":5}},"80":{"start":{"line":202,"column":6},"end":{"line":202,"column":73}},"81":{"start":{"line":205,"column":6},"end":{"line":210,"column":9}},"82":{"start":{"line":209,"column":8},"end":{"line":209,"column":58}},"83":{"start":{"line":213,"column":6},"end":{"line":213,"column":26}},"84":{"start":{"line":221,"column":2},"end":{"line":224,"column":3}},"85":{"start":{"line":222,"column":4},"end":{"line":222,"column":41}},"86":{"start":{"line":223,"column":4},"end":{"line":223,"column":33}}},"fnMap":{"0":{"name":"(anonymous_0)","decl":{"start":{"line":16,"column":37},"end":{"line":16,"column":38}},"loc":{"start":{"line":16,"column":72},"end":{"line":33,"column":1}},"line":16},"1":{"name":"(anonymous_1)","decl":{"start":{"line":24,"column":50},"end":{"line":24,"column":51}},"loc":{"start":{"line":24,"column":59},"end":{"line":30,"column":3}},"line":24},"2":{"name":"handleMessage","decl":{"start":{"line":36,"column":15},"end":{"line":36,"column":28}},"loc":{"start":{"line":36,"column":38},"end":{"line":50,"column":1}},"line":36},"3":{"name":"handleStartRecording","decl":{"start":{"line":53,"column":15},"end":{"line":53,"column":35}},"loc":{"start":{"line":53,"column":45},"end":{"line":83,"column":1}},"line":53},"4":{"name":"handleStopRecording","decl":{"start":{"line":86,"column":15},"end":{"line":86,"column":34}},"loc":{"start":{"line":86,"column":44},"end":{"line":140,"column":1}},"line":86},"5":{"name":"(anonymous_5)","decl":{"start":{"line":117,"column":17},"end":{"line":117,"column":18}},"loc":{"start":{"line":117,"column":35},"end":{"line":123,"column":7}},"line":117},"6":{"name":"handleGetRecordingStatus","decl":{"start":{"line":143,"column":15},"end":{"line":143,"column":39}},"loc":{"start":{"line":143,"column":49},"end":{"line":157,"column":1}},"line":143},"7":{"name":"blobToBase64","decl":{"start":{"line":160,"column":15},"end":{"line":160,"column":27}},"loc":{"start":{"line":160,"column":34},"end":{"line":167,"column":1}},"line":160},"8":{"name":"(anonymous_8)","decl":{"start":{"line":161,"column":21},"end":{"line":161,"column":22}},"loc":{"start":{"line":161,"column":42},"end":{"line":166,"column":3}},"line":161},"9":{"name":"(anonymous_9)","decl":{"start":{"line":163,"column":23},"end":{"line":163,"column":24}},"loc":{"start":{"line":163,"column":29},"end":{"line":163,"column":51}},"line":163},"10":{"name":"startDurationCheck","decl":{"start":{"line":170,"column":9},"end":{"line":170,"column":27}},"loc":{"start":{"line":170,"column":30},"end":{"line":217,"column":1}},"line":170},"11":{"name":"(anonymous_11)","decl":{"start":{"line":177,"column":38},"end":{"line":177,"column":39}},"loc":{"start":{"line":177,"column":44},"end":{"line":216,"column":3}},"line":177},"12":{"name":"(anonymous_12)","decl":{"start":{"line":195,"column":15},"end":{"line":195,"column":16}},"loc":{"start":{"line":195,"column":24},"end":{"line":197,"column":7}},"line":195},"13":{"name":"(anonymous_13)","decl":{"start":{"line":208,"column":15},"end":{"line":208,"column":16}},"loc":{"start":{"line":208,"column":24},"end":{"line":210,"column":7}},"line":208},"14":{"name":"stopDurationCheck","decl":{"start":{"line":220,"column":9},"end":{"line":220,"column":26}},"loc":{"start":{"line":220,"column":29},"end":{"line":225,"column":1}},"line":220}},"branchMap":{"0":{"loc":{"start":{"line":20,"column":2},"end":{"line":22,"column":3}},"type":"if","locations":[{"start":{"line":20,"column":2},"end":{"line":22,"column":3}},{"start":{},"end":{}}],"line":20},"1":{"loc":{"start":{"line":37,"column":2},"end":{"line":49,"column":3}},"type":"switch","locations":[{"start":{"line":38,"column":4},"end":{"line":39,"column":49}},{"start":{"line":41,"column":4},"end":{"line":42,"column":48}},{"start":{"line":44,"column":4},"end":{"line":45,"column":53}},{"start":{"line":47,"column":4},"end":{"line":48,"column":59}}],"line":37},"2":{"loc":{"start":{"line":57,"column":4},"end":{"line":59,"column":5}},"type":"if","locations":[{"start":{"line":57,"column":4},"end":{"line":59,"column":5}},{"start":{},"end":{}}],"line":57},"3":{"loc":{"start":{"line":88,"column":4},"end":{"line":90,"column":5}},"type":"if","locations":[{"start":{"line":88,"column":4},"end":{"line":90,"column":5}},{"start":{},"end":{}}],"line":88},"4":{"loc":{"start":{"line":88,"column":8},"end":{"line":88,"column":54}},"type":"binary-expr","locations":[{"start":{"line":88,"column":8},"end":{"line":88,"column":22}},{"start":{"line":88,"column":26},"end":{"line":88,"column":54}}],"line":88},"5":{"loc":{"start":{"line":145,"column":24},"end":{"line":145,"column":68}},"type":"binary-expr","locations":[{"start":{"line":145,"column":24},"end":{"line":145,"column":37}},{"start":{"line":145,"column":41},"end":{"line":145,"column":68}}],"line":145},"6":{"loc":{"start":{"line":146,"column":21},"end":{"line":146,"column":68}},"type":"cond-expr","locations":[{"start":{"line":146,"column":37},"end":{"line":146,"column":64}},{"start":{"line":146,"column":67},"end":{"line":146,"column":68}}],"line":146},"7":{"loc":{"start":{"line":172,"column":2},"end":{"line":174,"column":3}},"type":"if","locations":[{"start":{"line":172,"column":2},"end":{"line":174,"column":3}},{"start":{},"end":{}}],"line":172},"8":{"loc":{"start":{"line":178,"column":4},"end":{"line":181,"column":5}},"type":"if","locations":[{"start":{"line":178,"column":4},"end":{"line":181,"column":5}},{"start":{},"end":{}}],"line":178},"9":{"loc":{"start":{"line":178,"column":8},"end":{"line":178,"column":45}},"type":"binary-expr","locations":[{"start":{"line":178,"column":8},"end":{"line":178,"column":27}},{"start":{"line":178,"column":31},"end":{"line":178,"column":45}}],"line":178},"10":{"loc":{"start":{"line":186,"column":4},"end":{"line":198,"column":5}},"type":"if","locations":[{"start":{"line":186,"column":4},"end":{"line":198,"column":5}},{"start":{},"end":{}}],"line":186},"11":{"loc":{"start":{"line":186,"column":8},"end":{"line":186,"column":59}},"type":"binary-expr","locations":[{"start":{"line":186,"column":8},"end":{"line":186,"column":42}},{"start":{"line":186,"column":46},"end":{"line":186,"column":59}}],"line":186},"12":{"loc":{"start":{"line":201,"column":4},"end":{"line":215,"column":5}},"type":"if","locations":[{"start":{"line":201,"column":4},"end":{"line":215,"column":5}},{"start":{},"end":{}}],"line":201},"13":{"loc":{"start":{"line":221,"column":2},"end":{"line":224,"column":3}},"type":"if","locations":[{"start":{"line":221,"column":2},"end":{"line":224,"column":3}},{"start":{},"end":{}}],"line":221}},"s":{"0":0,"1":0,"2":0,"3":0,"4":0,"5":0,"6":0,"7":0,"8":0,"9":0,"10":0,"11":0,"12":0,"13":0,"14":0,"15":0,"16":0,"17":0,"18":0,"19":0,"20":0,"21":0,"22":0,"23":0,"24":0,"25":0,"26":0,"27":0,"28":0,"29":0,"30":0,"31":0,"32":0,"33":0,"34":0,"35":0,"36":0,"37":0,"38":0,"39":0,"40":0,"41":0,"42":0,"43":0,"44":0,"45":0,"46":0,"47":0,"48":0,"49":0,"50":0,"51":0,"52":0,"53":0,"54":0,"55":0,"56":0,"57":0,"58":0,"59":0,"60":0,"61":0,"62":0,"63":0,"64":0,"65":0,"66":0,"67":0,"68":0,"69":0,"70":0,"71":0,"72":0,"73":0,"74":0,"75":0,"76":0,"77":0,"78":0,"79":0,"80":0,"81":0,"82":0,"83":0,"84":0,"85":0,"86":0},"f":{"0":0,"1":0,"2":0,"3":0,"4":0,"5":0,"6":0,"7":0,"8":0,"9":0,"10":0,"11":0,"12":0,"13":0,"14":0},"b":{"0":[0,0],"1":[0,0,0,0],"2":[0,0],"3":[0,0],"4":[0,0],"5":[0,0],"6":[0,0],"7":[0,0],"8":[0,0],"9":[0,0],"10":[0,0],"11":[0,0],"12":[0,0],"13":[0,0]}}
,"/Users/hirokitakamura/Documents/Dev/koemoji-web/lib/audio-encoder.js": {"path":"/Users/hirokitakamura/Documents/Dev/koemoji-web/lib/audio-encoder.js","statementMap":{"0":{"start":{"line":17,"column":4},"end":{"line":46,"column":5}},"1":{"start":{"line":21,"column":10},"end":{"line":21,"column":17}},"2":{"start":{"line":23,"column":6},"end":{"line":27,"column":9}},"3":{"start":{"line":30,"column":6},"end":{"line":33,"column":7}},"4":{"start":{"line":31,"column":8},"end":{"line":31,"column":48}},"5":{"start":{"line":32,"column":8},"end":{"line":32,"column":25}},"6":{"start":{"line":36,"column":6},"end":{"line":38,"column":7}},"7":{"start":{"line":37,"column":8},"end":{"line":37,"column":50}},"8":{"start":{"line":41,"column":6},"end":{"line":41,"column":73}},"9":{"start":{"line":42,"column":6},"end":{"line":42,"column":23}},"10":{"start":{"line":44,"column":6},"end":{"line":44,"column":54}},"11":{"start":{"line":45,"column":6},"end":{"line":45,"column":18}},"12":{"start":{"line":55,"column":4},"end":{"line":75,"column":5}},"13":{"start":{"line":57,"column":27},"end":{"line":57,"column":83}},"14":{"start":{"line":58,"column":26},"end":{"line":58,"column":55}},"15":{"start":{"line":59,"column":26},"end":{"line":59,"column":73}},"16":{"start":{"line":62,"column":22},"end":{"line":62,"column":49}},"17":{"start":{"line":64,"column":6},"end":{"line":69,"column":9}},"18":{"start":{"line":71,"column":6},"end":{"line":71,"column":21}},"19":{"start":{"line":73,"column":6},"end":{"line":73,"column":56}},"20":{"start":{"line":74,"column":6},"end":{"line":74,"column":18}},"21":{"start":{"line":84,"column":29},"end":{"line":84,"column":57}},"22":{"start":{"line":85,"column":23},"end":{"line":85,"column":45}},"23":{"start":{"line":86,"column":19},"end":{"line":86,"column":20}},"24":{"start":{"line":87,"column":21},"end":{"line":87,"column":23}},"25":{"start":{"line":91,"column":4},"end":{"line":101,"column":5}},"26":{"start":{"line":92,"column":6},"end":{"line":92,"column":46}},"27":{"start":{"line":95,"column":19},"end":{"line":95,"column":48}},"28":{"start":{"line":96,"column":20},"end":{"line":96,"column":49}},"29":{"start":{"line":97,"column":6},"end":{"line":97,"column":46}},"30":{"start":{"line":98,"column":6},"end":{"line":100,"column":7}},"31":{"start":{"line":98,"column":19},"end":{"line":98,"column":20}},"32":{"start":{"line":99,"column":8},"end":{"line":99,"column":46}},"33":{"start":{"line":103,"column":23},"end":{"line":103,"column":54}},"34":{"start":{"line":104,"column":19},"end":{"line":104,"column":51}},"35":{"start":{"line":105,"column":17},"end":{"line":105,"column":37}},"36":{"start":{"line":108,"column":24},"end":{"line":112,"column":5}},"37":{"start":{"line":109,"column":6},"end":{"line":111,"column":7}},"38":{"start":{"line":109,"column":19},"end":{"line":109,"column":20}},"39":{"start":{"line":110,"column":8},"end":{"line":110,"column":56}},"40":{"start":{"line":115,"column":4},"end":{"line":115,"column":27}},"41":{"start":{"line":116,"column":4},"end":{"line":116,"column":45}},"42":{"start":{"line":117,"column":4},"end":{"line":117,"column":27}},"43":{"start":{"line":120,"column":4},"end":{"line":120,"column":28}},"44":{"start":{"line":121,"column":4},"end":{"line":121,"column":33}},"45":{"start":{"line":122,"column":4},"end":{"line":122,"column":37}},"46":{"start":{"line":123,"column":4},"end":{"line":123,"column":32}},"47":{"start":{"line":124,"column":4},"end":{"line":124,"column":41}},"48":{"start":{"line":125,"column":4},"end":{"line":125,"column":58}},"49":{"start":{"line":126,"column":4},"end":{"line":126,"column":43}},"50":{"start":{"line":127,"column":4},"end":{"line":127,"column":39}},"51":{"start":{"line":130,"column":4},"end":{"line":130,"column":28}},"52":{"start":{"line":131,"column":4},"end":{"line":131,"column":41}},"53":{"start":{"line":134,"column":19},"end":{"line":134,"column":22}},"54":{"start":{"line":135,"column":17},"end":{"line":135,"column":19}},"55":{"start":{"line":136,"column":4},"end":{"line":140,"column":5}},"56":{"start":{"line":136,"column":17},"end":{"line":136,"column":18}},"57":{"start":{"line":137,"column":21},"end":{"line":137,"column":58}},"58":{"start":{"line":138,"column":6},"end":{"line":138,"column":82}},"59":{"start":{"line":139,"column":6},"end":{"line":139,"column":18}},"60":{"start":{"line":142,"column":4},"end":{"line":142,"column":53}},"61":{"start":{"line":152,"column":4},"end":{"line":217,"column":5}},"62":{"start":{"line":154,"column":27},"end":{"line":154,"column":83}},"63":{"start":{"line":155,"column":26},"end":{"line":155,"column":55}},"64":{"start":{"line":156,"column":26},"end":{"line":156,"column":73}},"65":{"start":{"line":158,"column":25},"end":{"line":158,"column":47}},"66":{"start":{"line":159,"column":31},"end":{"line":159,"column":59}},"67":{"start":{"line":160,"column":28},"end":{"line":160,"column":48}},"68":{"start":{"line":161,"column":27},"end":{"line":161,"column":60}},"69":{"start":{"line":163,"column":6},"end":{"line":167,"column":9}},"70":{"start":{"line":169,"column":21},"end":{"line":169,"column":23}},"71":{"start":{"line":170,"column":19},"end":{"line":170,"column":20}},"72":{"start":{"line":171,"column":23},"end":{"line":171,"column":24}},"73":{"start":{"line":173,"column":6},"end":{"line":210,"column":7}},"74":{"start":{"line":174,"column":33},"end":{"line":174,"column":60}},"75":{"start":{"line":175,"column":36},"end":{"line":175,"column":76}},"76":{"start":{"line":178,"column":28},"end":{"line":182,"column":9}},"77":{"start":{"line":185,"column":8},"end":{"line":191,"column":9}},"78":{"start":{"line":185,"column":27},"end":{"line":185,"column":28}},"79":{"start":{"line":186,"column":29},"end":{"line":186,"column":64}},"80":{"start":{"line":187,"column":28},"end":{"line":187,"column":63}},"81":{"start":{"line":188,"column":10},"end":{"line":190,"column":11}},"82":{"start":{"line":188,"column":23},"end":{"line":188,"column":24}},"83":{"start":{"line":189,"column":12},"end":{"line":189,"column":50}},"84":{"start":{"line":194,"column":26},"end":{"line":194,"column":53}},"85":{"start":{"line":197,"column":30},"end":{"line":197,"column":62}},"86":{"start":{"line":198,"column":31},"end":{"line":198,"column":59}},"87":{"start":{"line":200,"column":8},"end":{"line":206,"column":11}},"88":{"start":{"line":208,"column":8},"end":{"line":208,"column":38}},"89":{"start":{"line":209,"column":8},"end":{"line":209,"column":21}},"90":{"start":{"line":212,"column":6},"end":{"line":212,"column":56}},"91":{"start":{"line":213,"column":6},"end":{"line":213,"column":20}},"92":{"start":{"line":215,"column":6},"end":{"line":215,"column":53}},"93":{"start":{"line":216,"column":6},"end":{"line":216,"column":18}},"94":{"start":{"line":227,"column":4},"end":{"line":227,"column":54}},"95":{"start":{"line":237,"column":23},"end":{"line":237,"column":44}},"96":{"start":{"line":238,"column":4},"end":{"line":238,"column":30}},"97":{"start":{"line":243,"column":0},"end":{"line":245,"column":1}},"98":{"start":{"line":244,"column":2},"end":{"line":244,"column":32}}},"fnMap":{"0":{"name":"(anonymous_0)","decl":{"start":{"line":16,"column":2},"end":{"line":16,"column":3}},"loc":{"start":{"line":16,"column":47},"end":{"line":47,"column":3}},"line":16},"1":{"name":"(anonymous_1)","decl":{"start":{"line":54,"column":2},"end":{"line":54,"column":3}},"loc":{"start":{"line":54,"column":39},"end":{"line":76,"column":3}},"line":54},"2":{"name":"(anonymous_2)","decl":{"start":{"line":83,"column":2},"end":{"line":83,"column":3}},"loc":{"start":{"line":83,"column":32},"end":{"line":143,"column":3}},"line":83},"3":{"name":"(anonymous_3)","decl":{"start":{"line":108,"column":24},"end":{"line":108,"column":25}},"loc":{"start":{"line":108,"column":44},"end":{"line":112,"column":5}},"line":108},"4":{"name":"(anonymous_4)","decl":{"start":{"line":151,"column":2},"end":{"line":151,"column":3}},"loc":{"start":{"line":151,"column":65},"end":{"line":218,"column":3}},"line":151},"5":{"name":"(anonymous_5)","decl":{"start":{"line":226,"column":2},"end":{"line":226,"column":3}},"loc":{"start":{"line":226,"column":61},"end":{"line":228,"column":3}},"line":226},"6":{"name":"(anonymous_6)","decl":{"start":{"line":236,"column":2},"end":{"line":236,"column":3}},"loc":{"start":{"line":236,"column":47},"end":{"line":239,"column":3}},"line":236}},"branchMap":{"0":{"loc":{"start":{"line":16,"column":33},"end":{"line":16,"column":45}},"type":"default-arg","locations":[{"start":{"line":16,"column":43},"end":{"line":16,"column":45}}],"line":16},"1":{"loc":{"start":{"line":19,"column":8},"end":{"line":19,"column":23}},"type":"default-arg","locations":[{"start":{"line":19,"column":17},"end":{"line":19,"column":23}}],"line":19},"2":{"loc":{"start":{"line":20,"column":8},"end":{"line":20,"column":26}},"type":"default-arg","locations":[{"start":{"line":20,"column":18},"end":{"line":20,"column":26}}],"line":20},"3":{"loc":{"start":{"line":30,"column":6},"end":{"line":33,"column":7}},"type":"if","locations":[{"start":{"line":30,"column":6},"end":{"line":33,"column":7}},{"start":{},"end":{}}],"line":30},"4":{"loc":{"start":{"line":30,"column":10},"end":{"line":30,"column":62}},"type":"binary-expr","locations":[{"start":{"line":30,"column":10},"end":{"line":30,"column":27}},{"start":{"line":30,"column":31},"end":{"line":30,"column":62}}],"line":30},"5":{"loc":{"start":{"line":36,"column":6},"end":{"line":38,"column":7}},"type":"if","locations":[{"start":{"line":36,"column":6},"end":{"line":38,"column":7}},{"start":{},"end":{}}],"line":36},"6":{"loc":{"start":{"line":57,"column":32},"end":{"line":57,"column":80}},"type":"binary-expr","locations":[{"start":{"line":57,"column":32},"end":{"line":57,"column":51}},{"start":{"line":57,"column":55},"end":{"line":57,"column":80}}],"line":57},"7":{"loc":{"start":{"line":91,"column":4},"end":{"line":101,"column":5}},"type":"if","locations":[{"start":{"line":91,"column":4},"end":{"line":101,"column":5}},{"start":{"line":93,"column":11},"end":{"line":101,"column":5}}],"line":91},"8":{"loc":{"start":{"line":138,"column":28},"end":{"line":138,"column":74}},"type":"cond-expr","locations":[{"start":{"line":138,"column":41},"end":{"line":138,"column":56}},{"start":{"line":138,"column":59},"end":{"line":138,"column":74}}],"line":138},"9":{"loc":{"start":{"line":151,"column":37},"end":{"line":151,"column":63}},"type":"default-arg","locations":[{"start":{"line":151,"column":60},"end":{"line":151,"column":63}}],"line":151},"10":{"loc":{"start":{"line":154,"column":32},"end":{"line":154,"column":80}},"type":"binary-expr","locations":[{"start":{"line":154,"column":32},"end":{"line":154,"column":51}},{"start":{"line":154,"column":55},"end":{"line":154,"column":80}}],"line":154},"11":{"loc":{"start":{"line":226,"column":43},"end":{"line":226,"column":59}},"type":"default-arg","locations":[{"start":{"line":226,"column":53},"end":{"line":226,"column":59}}],"line":226},"12":{"loc":{"start":{"line":236,"column":33},"end":{"line":236,"column":45}},"type":"default-arg","locations":[{"start":{"line":236,"column":43},"end":{"line":236,"column":45}}],"line":236},"13":{"loc":{"start":{"line":243,"column":0},"end":{"line":245,"column":1}},"type":"if","locations":[{"start":{"line":243,"column":0},"end":{"line":245,"column":1}},{"start":{},"end":{}}],"line":243},"14":{"loc":{"start":{"line":243,"column":4},"end":{"line":243,"column":51}},"type":"binary-expr","locations":[{"start":{"line":243,"column":4},"end":{"line":243,"column":33}},{"start":{"line":243,"column":37},"end":{"line":243,"column":51}}],"line":243}},"s":{"0":0,"1":0,"2":0,"3":0,"4":0,"5":0,"6":0,"7":0,"8":0,"9":0,"10":0,"11":0,"12":0,"13":0,"14":0,"15":0,"16":0,"17":0,"18":0,"19":0,"20":0,"21":0,"22":0,"23":0,"24":0,"25":0,"26":0,"27":0,"28":0,"29":0,"30":0,"31":0,"32":0,"33":0,"34":0,"35":0,"36":0,"37":0,"38":0,"39":0,"40":0,"41":0,"42":0,"43":0,"44":0,"45":0,"46":0,"47":0,"48":0,"49":0,"50":0,"51":0,"52":0,"53":0,"54":0,"55":0,"56":0,"57":0,"58":0,"59":0,"60":0,"61":0,"62":0,"63":0,"64":0,"65":0,"66":0,"67":0,"68":0,"69":0,"70":0,"71":0,"72":0,"73":0,"74":0,"75":0,"76":0,"77":0,"78":0,"79":0,"80":0,"81":0,"82":0,"83":0,"84":0,"85":0,"86":0,"87":0,"88":0,"89":0,"90":0,"91":0,"92":0,"93":0,"94":0,"95":0,"96":0,"97":0,"98":0},"f":{"0":0,"1":0,"2":0,"3":0,"4":0,"5":0,"6":0},"b":{"0":[0],"1":[0],"2":[0],"3":[0,0],"4":[0,0],"5":[0,0],"6":[0,0],"7":[0,0],"8":[0,0],"9":[0],"10":[0,0],"11":[0],"12":[0],"13":[0,0],"14":[0,0]}}
,"/Users/hirokitakamura/Documents/Dev/koemoji-web/lib/audio-recorder.js": {"path":"/Users/hirokitakamura/Documents/Dev/koemoji-web/lib/audio-recorder.js","statementMap":{"0":{"start":{"line":5,"column":4},"end":{"line":5,"column":28}},"1":{"start":{"line":6,"column":4},"end":{"line":6,"column":30}},"2":{"start":{"line":7,"column":4},"end":{"line":7,"column":26}},"3":{"start":{"line":8,"column":4},"end":{"line":8,"column":26}},"4":{"start":{"line":9,"column":4},"end":{"line":9,"column":33}},"5":{"start":{"line":17,"column":4},"end":{"line":25,"column":5}},"6":{"start":{"line":18,"column":22},"end":{"line":18,"column":69}},"7":{"start":{"line":19,"column":26},"end":{"line":19,"column":80}},"8":{"start":{"line":19,"column":51},"end":{"line":19,"column":79}},"9":{"start":{"line":20,"column":6},"end":{"line":20,"column":59}},"10":{"start":{"line":21,"column":6},"end":{"line":21,"column":25}},"11":{"start":{"line":23,"column":6},"end":{"line":23,"column":59}},"12":{"start":{"line":24,"column":6},"end":{"line":24,"column":42}},"13":{"start":{"line":34,"column":4},"end":{"line":95,"column":5}},"14":{"start":{"line":35,"column":6},"end":{"line":37,"column":7}},"15":{"start":{"line":36,"column":8},"end":{"line":36,"column":36}},"16":{"start":{"line":39,"column":6},"end":{"line":39,"column":63}},"17":{"start":{"line":42,"column":26},"end":{"line":49,"column":7}},"18":{"start":{"line":51,"column":6},"end":{"line":51,"column":80}},"19":{"start":{"line":54,"column":22},"end":{"line":57,"column":7}},"20":{"start":{"line":60,"column":6},"end":{"line":63,"column":7}},"21":{"start":{"line":61,"column":8},"end":{"line":61,"column":64}},"22":{"start":{"line":62,"column":8},"end":{"line":62,"column":32}},"23":{"start":{"line":65,"column":6},"end":{"line":65,"column":72}},"24":{"start":{"line":68,"column":6},"end":{"line":73,"column":9}},"25":{"start":{"line":69,"column":8},"end":{"line":72,"column":9}},"26":{"start":{"line":70,"column":10},"end":{"line":70,"column":44}},"27":{"start":{"line":71,"column":10},"end":{"line":71,"column":73}},"28":{"start":{"line":76,"column":6},"end":{"line":76,"column":37}},"29":{"start":{"line":77,"column":6},"end":{"line":77,"column":34}},"30":{"start":{"line":78,"column":6},"end":{"line":78,"column":34}},"31":{"start":{"line":79,"column":6},"end":{"line":79,"column":28}},"32":{"start":{"line":81,"column":6},"end":{"line":81,"column":39}},"33":{"start":{"line":83,"column":6},"end":{"line":83,"column":57}},"34":{"start":{"line":86,"column":6},"end":{"line":94,"column":7}},"35":{"start":{"line":87,"column":8},"end":{"line":87,"column":63}},"36":{"start":{"line":88,"column":13},"end":{"line":94,"column":7}},"37":{"start":{"line":89,"column":8},"end":{"line":89,"column":48}},"38":{"start":{"line":90,"column":13},"end":{"line":94,"column":7}},"39":{"start":{"line":91,"column":8},"end":{"line":91,"column":50}},"40":{"start":{"line":93,"column":8},"end":{"line":93,"column":20}},"41":{"start":{"line":103,"column":4},"end":{"line":143,"column":7}},"42":{"start":{"line":104,"column":6},"end":{"line":142,"column":7}},"43":{"start":{"line":105,"column":8},"end":{"line":107,"column":9}},"44":{"start":{"line":106,"column":10},"end":{"line":106,"column":42}},"45":{"start":{"line":109,"column":8},"end":{"line":109,"column":45}},"46":{"start":{"line":112,"column":8},"end":{"line":135,"column":11}},"47":{"start":{"line":113,"column":10},"end":{"line":134,"column":11}},"48":{"start":{"line":115,"column":29},"end":{"line":115,"column":72}},"49":{"start":{"line":116,"column":30},"end":{"line":116,"column":76}},"50":{"start":{"line":118,"column":12},"end":{"line":118,"column":88}},"51":{"start":{"line":119,"column":12},"end":{"line":119,"column":78}},"52":{"start":{"line":122,"column":12},"end":{"line":125,"column":13}},"53":{"start":{"line":123,"column":14},"end":{"line":123,"column":74}},"54":{"start":{"line":123,"column":60},"end":{"line":123,"column":72}},"55":{"start":{"line":124,"column":14},"end":{"line":124,"column":38}},"56":{"start":{"line":128,"column":12},"end":{"line":128,"column":41}},"57":{"start":{"line":129,"column":12},"end":{"line":129,"column":38}},"58":{"start":{"line":131,"column":12},"end":{"line":131,"column":31}},"59":{"start":{"line":133,"column":12},"end":{"line":133,"column":26}},"60":{"start":{"line":138,"column":8},"end":{"line":138,"column":34}},"61":{"start":{"line":140,"column":8},"end":{"line":140,"column":58}},"62":{"start":{"line":141,"column":8},"end":{"line":141,"column":22}},"63":{"start":{"line":151,"column":4},"end":{"line":151,"column":32}},"64":{"start":{"line":159,"column":4},"end":{"line":161,"column":5}},"65":{"start":{"line":160,"column":6},"end":{"line":160,"column":15}},"66":{"start":{"line":162,"column":4},"end":{"line":162,"column":60}},"67":{"start":{"line":169,"column":4},"end":{"line":172,"column":5}},"68":{"start":{"line":170,"column":6},"end":{"line":170,"column":66}},"69":{"start":{"line":170,"column":52},"end":{"line":170,"column":64}},"70":{"start":{"line":171,"column":6},"end":{"line":171,"column":30}},"71":{"start":{"line":174,"column":4},"end":{"line":176,"column":5}},"72":{"start":{"line":175,"column":6},"end":{"line":175,"column":32}},"73":{"start":{"line":178,"column":4},"end":{"line":178,"column":26}},"74":{"start":{"line":179,"column":4},"end":{"line":179,"column":33}},"75":{"start":{"line":180,"column":4},"end":{"line":180,"column":26}},"76":{"start":{"line":181,"column":4},"end":{"line":181,"column":30}},"77":{"start":{"line":183,"column":4},"end":{"line":183,"column":39}},"78":{"start":{"line":188,"column":0},"end":{"line":190,"column":1}},"79":{"start":{"line":189,"column":2},"end":{"line":189,"column":33}}},"fnMap":{"0":{"name":"(anonymous_0)","decl":{"start":{"line":4,"column":2},"end":{"line":4,"column":3}},"loc":{"start":{"line":4,"column":16},"end":{"line":10,"column":3}},"line":4},"1":{"name":"(anonymous_1)","decl":{"start":{"line":16,"column":2},"end":{"line":16,"column":3}},"loc":{"start":{"line":16,"column":26},"end":{"line":26,"column":3}},"line":16},"2":{"name":"(anonymous_2)","decl":{"start":{"line":19,"column":41},"end":{"line":19,"column":42}},"loc":{"start":{"line":19,"column":51},"end":{"line":19,"column":79}},"line":19},"3":{"name":"(anonymous_3)","decl":{"start":{"line":33,"column":2},"end":{"line":33,"column":3}},"loc":{"start":{"line":33,"column":24},"end":{"line":9
[...]
"8":{"name":"(anonymous_8)","decl":{"start":{"line":239,"column":2},"end":{"line":239,"column":3}},"loc":{"start":{"line":239,"column":25},"end":{"line":253,"column":3}},"line":239}},"branchMap":{"0":{"loc":{"start":{"line":20,"column":29},"end":{"line":20,"column":63}},"type":"default-arg","locations":[{"start":{"line":20,"column":39},"end":{"line":20,"column":63}}],"line":20},"1":{"loc":{"start":{"line":25,"column":6},"end":{"line":31,"column":7}},"type":"if","locations":[{"start":{"line":25,"column":6},"end":{"line":31,"column":7}},{"start":{},"end":{}}],"line":25},"2":{"loc":{"start":{"line":25,"column":10},"end":{"line":25,"column":56}},"type":"binary-expr","locations":[{"start":{"line":25,"column":10},"end":{"line":25,"column":41}},{"start":{"line":25,"column":45},"end":{"line":25,"column":56}}],"line":25},"3":{"loc":{"start":{"line":42,"column":30},"end":{"line":42,"column":42}},"type":"default-arg","locations":[{"start":{"line":42,"column":40},"end":{"line":42,"column":42}}],"line":42},"4":{"loc":{"start":{"line":47,"column":10},"end":{"line":47,"column":25}},"type":"default-arg","locations":[{"start":{"line":47,"column":21},"end":{"line":47,"column":25}}],"line":47},"5":{"loc":{"start":{"line":48,"column":10},"end":{"line":48,"column":21}},"type":"default-arg","locations":[{"start":{"line":48,"column":19},"end":{"line":48,"column":21}}],"line":48},"6":{"loc":{"start":{"line":49,"column":10},"end":{"line":49,"column":25}},"type":"default-arg","locations":[{"start":{"line":49,"column":24},"end":{"line":49,"column":25}}],"line":49},"7":{"loc":{"start":{"line":59,"column":8},"end":{"line":61,"column":9}},"type":"if","locations":[{"start":{"line":59,"column":8},"end":{"line":61,"column":9}},{"start":{},"end":{}}],"line":59},"8":{"loc":{"start":{"line":66,"column":26},"end":{"line":66,"column":64}},"type":"binary-expr","locations":[{"start":{"line":66,"column":26},"end":{"line":66,"column":54}},{"start":{"line":66,"column":58},"end":{"line":66,"column":64}}],"line":66},"9":{"loc":{"start":{"line":72,"column":8},"end":{"line":74,"column":9}},"type":"if","locations":[{"start":{"line":72,"column":8},"end":{"line":74,"column":9}},{"start":{},"end":{}}],"line":72},"10":{"loc":{"start":{"line":85,"column":8},"end":{"line":87,"column":9}},"type":"if","locations":[{"start":{"line":85,"column":8},"end":{"line":87,"column":9}},{"start":{},"end":{}}],"line":85},"11":{"loc":{"start":{"line":111,"column":30},"end":{"line":111,"column":42}},"type":"default-arg","locations":[{"start":{"line":111,"column":40},"end":{"line":111,"column":42}}],"line":111},"12":{"loc":{"start":{"line":114,"column":8},"end":{"line":114,"column":29}},"type":"default-arg","locations":[{"start":{"line":114,"column":16},"end":{"line":114,"column":29}}],"line":114},"13":{"loc":{"start":{"line":115,"column":8},"end":{"line":115,"column":24}},"type":"default-arg","locations":[{"start":{"line":115,"column":20},"end":{"line":115,"column":24}}],"line":115},"14":{"loc":{"start":{"line":116,"column":8},"end":{"line":116,"column":25}},"type":"default-arg","locations":[{"start":{"line":116,"column":22},"end":{"line":116,"column":25}}],"line":116},"15":{"loc":{"start":{"line":117,"column":8},"end":{"line":117,"column":25}},"type":"default-arg","locations":[{"start":{"line":117,"column":23},"end":{"line":117,"column":25}}],"line":117},"16":{"loc":{"start":{"line":128,"column":6},"end":{"line":135,"column":7}},"type":"if","locations":[{"start":{"line":128,"column":6},"end":{"line":135,"column":7}},{"start":{"line":131,"column":13},"end":{"line":135,"column":7}}],"line":128},"17":{"loc":{"start":{"line":157,"column":6},"end":{"line":159,"column":7}},"type":"if","locations":[{"start":{"line":157,"column":6},"end":{"line":159,"column":7}},{"start":{},"end":{}}],"line":157},"18":{"loc":{"start":{"line":188,"column":6},"end":{"line":190,"column":7}},"type":"if","locations":[{"start":{"line":188,"column":6},"end":{"line":190,"column":7}},{"start":{},"end":{}}],"line":188},"19":{"loc":{"start":{"line":188,"column":10},"end":{"line":188,"column":52}},"type":"binary-expr","locations":[{"start":{"line":188,"column":10},"end":{"line":188,"column":25}},{"start":{"line":188,"column":29},"end":{"line":188,"column":52}}],"line":188},"20":{"loc":{"start":{"line":195,"column":4},"end":{"line":205,"column":5}},"type":"if","locations":[{"start":{"line":195,"column":4},"end":{"line":205,"column":5}},{"start":{"line":197,"column":11},"end":{"line":205,"column":5}}],"line":195},"21":{"loc":{"start":{"line":197,"column":11},"end":{"line":205,"column":5}},"type":"if","locations":[{"start":{"line":197,"column":11},"end":{"line":205,"column":5}},{"start":{"line":199,"column":11},"end":{"line":205,"column":5}}],"line":197},"22":{"loc":{"start":{"line":199,"column":11},"end":{"line":205,"column":5}},"type":"if","locations":[{"start":{"line":199,"column":11},"end":{"line":205,"column":5}},{"start":{"line":201,"column":11},"end":{"line":205,"column":5}}],"line":199},"23":{"loc":{"start":{"line":201,"column":11},"end":{"line":205,"column":5}},"type":"if","locations":[{"start":{"line":201,"column":11},"end":{"line":205,"column":5}},{"start":{"line":203,"column":11},"end":{"line":205,"column":5}}],"line":201},"24":{"loc":{"start":{"line":214,"column":37},"end":{"line":214,"column":57}},"type":"default-arg","locations":[{"start":{"line":214,"column":56},"end":{"line":214,"column":57}}],"line":214},"25":{"loc":{"start":{"line":222,"column":4},"end":{"line":226,"column":5}},"type":"if","locations":[{"start":{"line":222,"column":4},"end":{"line":226,"column":5}},{"start":{},"end":{}}],"line":222},"26":{"loc":{"start":{"line":257,"column":0},"end":{"line":259,"column":1}},"type":"if","locations":[{"start":{"line":257,"column":0},"end":{"line":259,"column":1}},{"start":{},"end":{}}],"line":257},"27":{"loc":{"start":{"line":257,"column":4},"end":{"line":257,"column":51}},"type":"binary-expr","locations":[{"start":{"line":257,"column":4},"end":{"line":257,"column":33}},{"start":{"line":257,"column":37},"end":{"line":257,"column":51}}],"line":257}},"s":{"0":0,"1":0,"2":0,"3":0,"4":0,"5":0,"6":0,"7":0,"8":0,"9":0,"10":0,"11":0,"12":0,"13":0,"14":0,"15":0,"16":0,"17":0,"18":0,"19":0,"20":0,"21":0,"22":0,"23":0,"24":0,"25":0,"26":0,"27":0,"28":0,"29":0,"30":0,"31":0,"32":0,"33":0,"34":0,"35":0,"36":0,"37":0,"38":0,"39":0,"40":0,"41":0,"42":0,"43":0,"44":0,"45":0,"46":0,"47":0,"48":0,"49":0,"50":0,"51":0,"52":0,"53":0,"54":0,"55":0,"56":0,"57":0,"58":0,"59":0,"60":0,"61":0,"62":0,"63":0,"64":0,"65":0,"66":0,"67":0,"68":0,"69":0,"70":0,"71":0,"72":0,"73":0,"74":0,"75":0,"76":0,"77":0,"78":0,"79":0,"80":0},"f":{"0":0,"1":0,"2":0,"3":0,"4":0,"5":0,"6":0,"7":0,"8":0},"b":{"0":[0],"1":[0,0],"2":[0,0],"3":[0],"4":[0],"5":[0],"6":[0],"7":[0,0],"8":[0,0],"9":[0,0],"10":[0,0],"11":[0],"12":[0],"13":[0],"14":[0],"15":[0],"16":[0,0],"17":[0,0],"18":[0,0],"19":[0,0],"20":[0,0],"21":[0,0],"22":[0,0],"23":[0,0],"24":[0],"25":[0,0],"26":[0,0],"27":[0,0]}}
,"/Users/hirokitakamura/Documents/Dev/koemoji-web/lib/storage.js": {"path":"/Users/hirokitakamura/Documents/Dev/koemoji-web/lib/storage.js","statementMap":{"0":{"start":{"line":5,"column":27},"end":{"line":5,"column":29}},"1":{"start":{"line":6,"column":28},"end":{"line":15,"column":3}},"2":{"start":{"line":23,"column":4},"end":{"line":30,"column":5}},"3":{"start":{"line":25,"column":6},"end":{"line":25,"column":50}},"4":{"start":{"line":26,"column":6},"end":{"line":26,"column":47}},"5":{"start":{"line":28,"column":6},"end":{"line":28,"column":55}},"6":{"start":{"line":29,"column":6},"end":{"line":29,"column":38}},"7":{"start":{"line":38,"column":4},"end":{"line":46,"column":5}},"8":{"start":{"line":39,"column":21},"end":{"line":39,"column":62}},"9":{"start":{"line":40,"column":23},"end":{"line":40,"column":73}},"10":{"start":{"line":41,"column":6},"end":{"line":41,"column":37}},"11":{"start":{"line":42,"column":6},"end":{"line":42,"column":22}},"12":{"start":{"line":44,"column":6},"end":{"line":44,"column":55}},"13":{"start":{"line":45,"column":6},"end":{"line":45,"column":40}},"14":{"start":{"line":55,"column":4},"end":{"line":73,"column":5}},"15":{"start":{"line":57,"column":26},"end":{"line":57,"column":54}},"16":{"start":{"line":60,"column":6},"end":{"line":60,"column":38}},"17":{"start":{"line":63,"column":6},"end":{"line":65,"column":7}},"18":{"start":{"line":64,"column":8},"end":{"line":64,"column":52}},"19":{"start":{"line":68,"column":6},"end":{"line":68,"column":54}},"20":{"start":{"line":69,"column":6},"end":{"line":69,"column":54}},"21":{"start":{"line":71,"column":6},"end":{"line":71,"column":57}},"22":{"start":{"line":72,"column":6},"end":{"line":72,"column":43}},"23":{"start":{"line":81,"column":4},"end":{"line":89,"column":5}},"24":{"start":{"line":82,"column":21},"end":{"line":82,"column":66}},"25":{"start":{"line":83,"column":26},"end":{"line":83,"column":50}},"26":{"start":{"line":84,"column":6},"end":{"line":84,"column":62}},"27":{"start":{"line":85,"column":6},"end":{"line":85,"column":25}},"28":{"start":{"line":87,"column":6},"end":{"line":87,"column":58}},"29":{"start":{"line":88,"column":6},"end":{"line":88,"column":45}},"30":{"start":{"line":99,"column":4},"end":{"line":116,"column":5}},"31":{"start":{"line":100,"column":26},"end":{"line":100,"column":54}},"32":{"start":{"line":101,"column":20},"end":{"line":101,"column":59}},"33":{"start":{"line":101,"column":47},"end":{"line":101,"column":58}},"34":{"start":{"line":103,"column":6},"end":{"line":105,"column":7}},"35":{"start":{"line":104,"column":8},"end":{"line":104,"column":43}},"36":{"start":{"line":108,"column":6},"end":{"line":108,"column":65}},"37":{"start":{"line":111,"column":6},"end":{"line":111,"column":54}},"38":{"start":{"line":112,"column":6},"end":{"line":112,"column":45}},"39":{"start":{"line":114,"column":6},"end":{"line":114,"column":59}},"40":{"start":{"line":115,"column":6},"end":{"line":115,"column":18}},"41":{"start":{"line":125,"column":4},"end":{"line":134,"column":5}},"42":{"start":{"line":126,"column":26},"end":{"line":126,"column":54}},"43":{"start":{"line":127,"column":23},"end":{"line":127,"column":59}},"44":{"start":{"line":127,"column":47},"end":{"line":127,"column":58}},"45":{"start":{"line":129,"column":6},"end":{"line":129,"column":64}},"46":{"start":{"line":130,"column":6},"end":{"line":130,"column":45}},"47":{"start":{"line":132,"column":6},"end":{"line":132,"column":59}},"48":{"start":{"line":133,"column":6},"end":{"line":133,"column":43}},"49":{"start":{"line":143,"column":4},"end":{"line":149,"column":5}},"50":{"start":{"line":144,"column":26},"end":{"line":144,"column":54}},"51":{"start":{"line":145,"column":6},"end":{"line":145,"column":56}},"52":{"start":{"line":145,"column":35},"end":{"line":145,"column":46}},"53":{"start":{"line":147,"column":6},"end":{"line":147,"column":56}},"54":{"start":{"line":148,"column":6},"end":{"line":148,"column":18}},"55":{"start":{"line":157,"column":4},"end":{"line":163,"column":5}},"56":{"start":{"line":158,"column":6},"end":{"line":158,"column":58}},"57":{"start":{"line":159,"column":6},"end":{"line":159,"column":45}},"58":{"start":{"line":161,"column":6},"end":{"line":161,"column":64}},"59":{"start":{"line":162,"column":6},"end":{"line":162,"column":42}},"60":{"start":{"line":171,"column":4},"end":{"line":178,"column":5}},"61":{"start":{"line":172,"column":6},"end":{"line":172,"column":41}},"62":{"start":{"line":173,"column":6},"end":{"line":173,"column":40}},"63":{"start":{"line":174,"column":6},"end":{"line":174,"column":38}},"64":{"start":{"line":176,"column":6},"end":{"line":176,"column":52}},"65":{"start":{"line":177,"column":6},"end":{"line":177,"column":40}},"66":{"start":{"line":186,"column":4},"end":{"line":203,"column":5}},"67":{"start":{"line":187,"column":25},"end":{"line":187,"column":67}},"68":{"start":{"line":188,"column":24},"end":{"line":188,"column":65}},"69":{"start":{"line":190,"column":6},"end":{"line":199,"column":8}},"70":{"start":{"line":201,"column":6},"end":{"line":201,"column":59}},"71":{"start":{"line":202,"column":6},"end":{"line":202,"column":18}},"72":{"start":{"line":211,"column":4},"end":{"line":215,"column":7}},"73":{"start":{"line":212,"column":16},"end":{"line":212,"column":38}},"74":{"start":{"line":213,"column":16},"end":{"line":213,"column":47}},"75":{"start":{"line":214,"column":6},"end":{"line":214,"column":28}},"76":{"start":{"line":224,"column":4},"end":{"line":234,"column":6}},"77":{"start":{"line":239,"column":0},"end":{"line":241,"column":1}},"78":{"start":{"line":240,"column":2},"end":{"line":240,"column":27}}},"fnMap":{"0":{"name":"(anonymous_0)","decl":{"start":{"line":22,"column":2},"end":{"line":22,"column":3}},"loc":{"start":{"line":22,"column":38},"end":{"line":31,"column":3}},"line":22},"1":{"name":"(anonymous_1)","decl":{"start":{"line":37,"column":2},"end":{"line":37,"column":3}},"loc":{"start":{"line":37,"column":30},"end":{"line":47,"column":3}},"line":37},"2":{"name":"(anonymous_2)","decl":{"start":{"line":54,"column":2},"end":{"line":54,"column":3}},"loc":{"start":{"line":54,"column":42},"end":{"line":74,"column":3}},"line":54},"3":{"name":"(anonymous_3)","decl":{"start":{"line":80,"column":2},"end":{"line":80,"column":3}},"loc":{"start":{"line":80,"column":33},"end":{"line":90,"column":3}},"line":80},"4":{"name":"(anonymous_4)","decl":{"start":{"line":98,"column":2},"end":{"line":98,"column":3}},"loc":{"start":{"line":98,"column":45},"end":{"line":117,"column":3}},"line":98},"5":{"name":"(anonymous_5)","decl":{"start":{"line":101,"column":42},"end":{"line":101,"column":43}},"loc":{"start":{"line":101,"column":47},"end":{"line":101,"column":58}},"line":101},"6":{"name":"(anonymous_6)","decl":{"start":{"line":124,"column":2},"end":{"line":124,"column":3}},"loc":{"start":{"line":124,"column":36},"end":{"line":135,"column":3}},"line":124},"7":{"name":"(anonymous_7)","decl":{"start":{"line":127,"column":42},"end":{"line":127,"column":43}},"loc":{"start":{"line":127,"column":47},"end":{"line":127,"column":58}},"line":127},"8":{"name":"(anonymous_8)","decl":{"start":{"line":142,"column":2},"end":{"line":142,"column":3}},"loc":{"start":{"line":142,"column":33},"end":{"line":150,"column":3}},"line":142},"9":{"name":"(anonymous_9)","decl":{"start":{"line":145,"column":30},"end":{"line":145,"column":31}},"loc":{"start":{"line":145,"column":35},"end":{"line":145,"column":46}},"line":145},"10":{"name":"(anonymous_10)","decl":{"start":{"line":156,"column":2},"end":{"line":156,"column":3}},"loc":{"start":{"line":156,"column":38},"end":{"line":164,"column":3}},"line":156},"11":{"name":"(anonymous_11)","decl":{"start":{"line":170,"column":2},"end":{"line":170,"column":3}},"loc":{"start":{"line":170,"column":26},"end":{"line":179,"column":3}},"line":170},"12":{"name":"(anonymous_12)","decl":{"start":{"line":185,"column":2},"end":{"line":185,"column":3}},"loc":{"start":{"line":185,"column":33},"end":{"line":204,"column":3}},"line":185},"13":{"name":"(anonymous_13)","decl":{"start":{"line":210,"column":2},"end":{"line":210,"column":3}},"loc":{"start":{"line":210,"column":24},"end":{"line":216,"column":3}},"line":210},"14":{"name":"(anonymous_14)","decl":{"start":{"line":211,"column":67},"end":{"line":211,"column":68}},"loc":{"start":{"line":211,"column":79},"end":{"line":215,"column":5}},"line":211},"15":{"name":"(anonymous_15)","decl":{"start":{"line":223,"column":2},"end":{"line":223,"column":3}},"loc":{"start":{"line":223,"column":32},"end":{"line":235,"column":3}},"line":223}},"branchMap":{"0":{"loc":{"start":{"line":40,"column":23},"end":{"line":40,"column":73}},"type":"binary-expr","locations":[{"start":{"line":40,"column":23},"end":{"line":40,"column":38}},{"start":{"line":40,"column":42},"end":{"line":40,"column":73}}],"line":40},"1":{"loc":{"start":{"line":63,"column":6},"end":{"line":65,"column":7}},"type":"if","locations":[{"start":{"line":63,"column":6},"end":{"line":65,"column":7}},{"start":{},"end":{}}],"line":63},"2":{"loc":{"start":{"line":83,"column":26},"end":{"line":83,"column":50}},"type":"binary-expr","locations":[{"start":{"line":83,"column":26},"end":{"line":83,"column":44}},{"start":{"line":83,"column":48},"end":{"line":83,"column":50}}],"line":83},"3":{"loc":{"start":{"line":103,"column":6},"end":{"line":105,"column":7}},"type":"if","locations":[{"start":{"line":103,"column":6},"end":{"line":105,"column":7}},{"start":{},"end":{}}],"line":103},"4":{"loc":{"start":{"line":145,"column":13},"end":{"line":145,"column":55}},"type":"binary-expr","locations":[{"start":{"line":145,"column":13},"end":{"line":145,"column":47}},{"start":{"line":145,"column":51},"end":{"line":145,"column":55}}],"line":145},"5":{"loc":{"start":{"line":213,"column":16},"end":{"line":213,"column":47}},"type":"cond-expr","locations":[{"start":{"line":213,"column":28},"end":{"line":213,"column":29}},{"start":{"line":213,"column":33},"end":{"line":213,"column":46}}],"line":213},"6":{"loc":{"start":{"line":227,"column":13},"end":{"line":227,"column":31}},"type":"binary-expr","locations":[{"start":{"line":227,"column":13},"end":{"line":227,"column":23}},{"start":{"line":227,"column":27},"end":{"line":227,"column":31}}],"line":227},"7":{"loc":{"start":{"line":228,"column":16},"end":{"line":228,"column":34}},"type":"binary-expr","locations":[{"start":{"line":228,"column":16},"end":{"line":228,"column":29}},{"start":{"line":228,"column":33},"end":{"line":228,"column":34}}],"line":228},"8":{"loc":{"start":{"line":229,"column":18},"end":{"line":229,"column":39}},"type":"binary-expr","locations":[{"start":{"line":229,"column":18},"end":{"line":229,"column":33}},{"start":{"line":229,"column":37},"end":{"line":229,"column":39}}],"line":229},"9":{"loc":{"start":{"line":230,"column":15},"end":{"line":230,"column":35}},"type":"binary-expr","locations":[{"start":{"line":230,"column":15},"end":{"line":230,"column":27}},{"start":{"line":230,"column":31},"end":{"line":230,"column":35}}],"line":230},"10":{"loc":{"start":{"line":231,"column":17},"end":{"line":231,"column":36}},"type":"binary-expr","locations":[{"start":{"line":231,"column":17},"end":{"line":231,"column":31}},{"start":{"line":231,"column":35},"end":{"line":231,"column":36}}],"line":231},"11":{"loc":{"start":{"line":232,"column":16},"end":{"line":232,"column":42}},"type":"binary-expr","locations":[{"start":{"line":232,"column":16},"end":{"line":232,"column":29}},{"start":{"line":232,"column":33},"end":{"line":232,"column":42}}],"line":232},"12":{"loc":{"start":{"line":233,"column":19},"end":{"line":233,"column":44}},"type":"binary-expr","locations":[{"start":{"line":233,"column":19},"end":{"line":233,"column":35}},{"start":{"line":233,"column":39},"end":{"line":233,"column":44}}],"line":233},"13":{"loc":{"start":{"line":239,"column":0},"end":{"line":241,"column":1}},"type":"if","locations":[{"start":{"line":239,"column":0},"end":{"line":241,"column":1}},{"start":{},"end":{}}],"line":239},"14":{"loc":{"start":{"line":239,"column":4},"end":{"line":239,"column":51}},"type":"binary-expr","locations":[{"start":{"line":239,"column":4},"end":{"line":239,"column":33}},{"start":{"line":239,"column":37},"end":{"line":239,"column":51}}],"line":239}},"s":{"0":0,"1":0,"2":0,"3":0,"4":0,"5":0,"6":0,"7":0,"8":0,"9":0,"10":0,"11":0,"12":0,"13":0,"14":0,"15":0,"16":0,"17":0,"18":0,"19":0,"20":0,"21":0,"22":0,"23":0,"24":0,"25":0,"26":0,"27":0,"28":0,"29":0,"30":0,"31":0,"32":0,"33":0,"34":0,"35":0,"36":0,"37":0,"38":0,"39":0,"40":0,"41":0,"42":0,"43":0,"44":0,"45":0,"46":0,"47":0,"48":0,"49":0,"50":0,"51":0,"52":0,"53":0,"54":0,"55":0,"56":0,"57":0,"58":0,"59":0,"60":0,"61":0,"62":0,"63":0,"64":0,"65":0,"66":0,"67":0,"68":0,"69":0,"70":0,"71":0,"72":0,"73":0,"74":0,"75":0,"76":0,"77":0,"78":0},"f":{"0":0,"1":0,"2":0,"3":0,"4":0,"5":0,"6":0,"7":0,"8":0,"9":0,"10":0,"11":0,"12":0,"13":0,"14":0,"15":0},"b":{"0":[0,0],"1":[0,0],"2":[0,0],"3":[0,0],"4":[0,0],"5":[0,0],"6":[0,0],"7":[0,0],"8":[0,0],"9":[0,0],"10":[0,0],"11":[0,0],"12":[0,0],"13":[0,0],"14":[0,0]}}
}
