TN:
SF:background.js
FN:25,startKeepAlive
FN:33,(anonymous_1)
FN:36,(anonymous_2)
FN:43,stopKeepAlive
FN:52,createOffscreenDocument
FN:97,closeOffscreenDocument
FN:122,sendMessageToOffscreen
FN:134,(anonymous_7)
FN:135,(anonymous_8)
FN:147,(anonymous_9)
FN:153,(anonymous_10)
FN:189,checkAndRestoreRecordingState
FN:220,(anonymous_12)
FN:234,handleMessage
FN:296,handleStartRecording
FN:322,(anonymous_15)
FN:364,handleStopRecording
FN:407,(anonymous_17)
FN:457,handleGetRecordingStatus
FN:484,handleTranscribeAudio
FN:535,base64ToBlob
FN:541,transcribeAudio
FN:603,limitedParallel
FN:608,(anonymous_23)
FN:608,(anonymous_24)
FN:625,transcribeChunksAndSummarize
FN:634,(anonymous_26)
FN:641,(anonymous_27)
FN:641,(anonymous_28)
FN:676,(anonymous_29)
FN:679,(anonymous_30)
FN:715,generateSummary
FN:759,notifyPopup
FN:760,(anonymous_33)
FN:767,detectPlatform
FN:790,getPlatformName
FN:800,handleGetTranscripts
FN:814,handleDeleteTranscript
FN:828,handleDeleteAllTranscripts
FN:841,handleUpdateTranscriptTitle
FN:855,handleGetSettings
FN:869,handleSaveSettings
FN:883,cleanupAudioStorage
FN:901,handleRetryTranscription
FN:936,handleDeleteAudioFile
FN:959,handleRecordingWarning
FN:986,handleRecordingAutoStop
FNF:47
FNH:0
FNDA:0,startKeepAlive
FNDA:0,(anonymous_1)
FNDA:0,(anonymous_2)
FNDA:0,stopKeepAlive
FNDA:0,createOffscreenDocument
FNDA:0,closeOffscreenDocument
FNDA:0,sendMessageToOffscreen
FNDA:0,(anonymous_7)
FNDA:0,(anonymous_8)
FNDA:0,(anonymous_9)
FNDA:0,(anonymous_10)
FNDA:0,checkAndRestoreRecordingState
FNDA:0,(anonymous_12)
FNDA:0,handleMessage
FNDA:0,handleStartRecording
FNDA:0,(anonymous_15)
FNDA:0,handleStopRecording
FNDA:0,(anonymous_17)
FNDA:0,handleGetRecordingStatus
FNDA:0,handleTranscribeAudio
FNDA:0,base64ToBlob
FNDA:0,transcribeAudio
FNDA:0,limitedParallel
FNDA:0,(anonymous_23)
FNDA:0,(anonymous_24)
FNDA:0,transcribeChunksAndSummarize
FNDA:0,(anonymous_26)
FNDA:0,(anonymous_27)
FNDA:0,(anonymous_28)
FNDA:0,(anonymous_29)
FNDA:0,(anonymous_30)
FNDA:0,generateSummary
FNDA:0,notifyPopup
FNDA:0,(anonymous_33)
FNDA:0,detectPlatform
FNDA:0,getPlatformName
FNDA:0,handleGetTranscripts
FNDA:0,handleDeleteTranscript
FNDA:0,handleDeleteAllTranscripts
FNDA:0,handleUpdateTranscriptTitle
FNDA:0,handleGetSettings
FNDA:0,handleSaveSettings
FNDA:0,cleanupAudioStorage
FNDA:0,handleRetryTranscription
FNDA:0,handleDeleteAudioFile
FNDA:0,handleRecordingWarning
FNDA:0,handleRecordingAutoStop
DA:4,0
DA:5,0
DA:8,0
DA:16,0
DA:19,0
DA:22,0
DA:26,0
DA:27,0
DA:30,0
DA:33,0
DA:34,0
DA:36,0
DA:37,0
DA:44,0
DA:45,0
DA:46,0
DA:47,0
DA:54,0
DA:55,0
DA:56,0
DA:59,0
DA:61,0
DA:62,0
DA:66,0
DA:67,0
DA:68,0
DA:69,0
DA:73,0
DA:76,0
DA:77,0
DA:82,0
DA:83,0
DA:86,0
DA:87,0
DA:88,0
DA:89,0
DA:91,0
DA:92,0
DA:98,0
DA:100,0
DA:101,0
DA:105,0
DA:106,0
DA:107,0
DA:108,0
DA:112,0
DA:113,0
DA:114,0
DA:116,0
DA:117,0
DA:124,0
DA:125,0
DA:129,0
DA:134,0
DA:135,0
DA:136,0
DA:137,0
DA:138,0
DA:140,0
DA:147,0
DA:148,0
DA:149,0
DA:153,0
DA:154,0
DA:156,0
DA:158,0
DA:162,0
DA:164,0
DA:165,0
DA:169,0
DA:170,0
DA:171,0
DA:172,0
DA:176,0
DA:177,0
DA:178,0
DA:181,0
DA:185,0
DA:190,0
DA:191,0
DA:193,0
DA:194,0
DA:197,0
DA:200,0
DA:201,0
DA:202,0
DA:204,0
DA:207,0
DA:211,0
DA:215,0
DA:220,0
DA:221,0
DA:224,0
DA:225,0
DA:229,0
DA:230,0
DA:235,0
DA:236,0
DA:238,0
DA:241,0
DA:244,0
DA:247,0
DA:250,0
DA:253,0
DA:256,0
DA:259,0
DA:262,0
DA:265,0
DA:268,0
DA:271,0
DA:274,0
DA:277,0
DA:281,0
DA:284,0
DA:287,0
DA:288,0
DA:297,0
DA:299,0
DA:300,0
DA:306,0
DA:307,0
DA:318,0
DA:322,0
DA:324,0
DA:329,0
DA:330,0
DA:333,0
DA:336,0
DA:339,0
DA:344,0
DA:348,0
DA:351,0
DA:354,0
DA:359,0
DA:365,0
DA:367,0
DA:368,0
DA:372,0
DA:376,0
DA:377,0
DA:380,0
DA:382,0
DA:385,0
DA:387,0
DA:388,0
DA:392,0
DA:395,0
DA:404,0
DA:407,0
DA:413,0
DA:416,0
DA:422,0
DA:425,0
DA:428,0
DA:434,0
DA:436,0
DA:441,0
DA:444,0
DA:447,0
DA:452,0
DA:458,0
DA:459,0
DA:460,0
DA:468,0
DA:472,0
DA:474,0
DA:475,0
DA:485,0
DA:486,0
DA:489,0
DA:491,0
DA:492,0
DA:496,0
DA:499,0
DA:502,0
DA:511,0
DA:519,0
DA:522,0
DA:524,0
DA:529,0
DA:530,0
DA:536,0
DA:537,0
DA:542,0
DA:543,0
DA:546,0
DA:550,0
DA:556,0
DA:557,0
DA:564,0
DA:567,0
DA:569,0
DA:572,0
DA:577,0
DA:583,0
DA:584,0
DA:587,0
DA:590,0
DA:595,0
DA:604,0
DA:605,0
DA:607,0
DA:608,0
DA:609,0
DA:610,0
DA:613,0
DA:614,0
DA:616,0
DA:617,0
DA:621,0
DA:626,0
DA:627,0
DA:630,0
DA:633,0
DA:634,0
DA:641,0
DA:642,0
DA:643,0
DA:646,0
DA:651,0
DA:658,0
DA:660,0
DA:667,0
DA:668,0
DA:673,0
DA:676,0
DA:679,0
DA:681,0
DA:684,0
DA:689,0
DA:695,0
DA:696,0
DA:699,0
DA:702,0
DA:707,0
DA:716,0
DA:717,0
DA:720,0
DA:723,0
DA:724,0
DA:725,0
DA:727,0
DA:728,0
DA:730,0
DA:732,0
DA:735,0
DA:740,0
DA:748,0
DA:751,0
DA:760,0
DA:762,0
DA:768,0
DA:769,0
DA:770,0
DA:771,0
DA:774,0
DA:776,0
DA:777,0
DA:778,0
DA:779,0
DA:781,0
DA:784,0
DA:785,0
DA:791,0
DA:796,0
DA:801,0
DA:802,0
DA:803,0
DA:808,0
DA:809,0
DA:815,0
DA:816,0
DA:817,0
DA:818,0
DA:822,0
DA:823,0
DA:829,0
DA:830,0
DA:831,0
DA:835,0
DA:836,0
DA:842,0
DA:843,0
DA:844,0
DA:845,0
DA:849,0
DA:850,0
DA:856,0
DA:857,0
DA:858,0
DA:863,0
DA:864,0
DA:870,0
DA:871,0
DA:872,0
DA:873,0
DA:877,0
DA:878,0
DA:884,0
DA:886,0
DA:889,0
DA:890,0
DA:892,0
DA:893,0
DA:896,0
DA:902,0
DA:903,0
DA:905,0
DA:906,0
DA:910,0
DA:912,0
DA:913,0
DA:917,0
DA:919,0
DA:920,0
DA:924,0
DA:926,0
DA:930,0
DA:931,0
DA:937,0
DA:938,0
DA:940,0
DA:941,0
DA:944,0
DA:947,0
DA:949,0
DA:953,0
DA:954,0
DA:960,0
DA:961,0
DA:962,0
DA:964,0
DA:967,0
DA:973,0
DA:977,0
DA:978,0
DA:987,0
DA:988,0
DA:990,0
DA:993,0
DA:999,0
DA:1001,0
DA:1005,0
DA:1006,0
DA:1013,0
LF:345
LH:0
BRDA:26,0,0,0
BRDA:26,0,1,0
BRDA:44,1,0,0
BRDA:44,1,1,0
BRDA:54,2,0,0
BRDA:54,2,1,0
BRDA:61,3,0,0
BRDA:61,3,1,0
BRDA:66,4,0,0
BRDA:66,4,1,0
BRDA:86,5,0,0
BRDA:86,5,1,0
BRDA:86,6,0,0
BRDA:86,6,1,0
BRDA:100,7,0,0
BRDA:100,7,1,0
BRDA:105,8,0,0
BRDA:105,8,1,0
BRDA:124,9,0,0
BRDA:124,9,1,0
BRDA:136,10,0,0
BRDA:136,10,1,0
BRDA:156,11,0,0
BRDA:156,11,1,0
BRDA:164,12,0,0
BRDA:164,12,1,0
BRDA:169,13,0,0
BRDA:169,13,1,0
BRDA:193,14,0,0
BRDA:193,14,1,0
BRDA:193,15,0,0
BRDA:193,15,1,0
BRDA:224,16,0,0
BRDA:224,16,1,0
BRDA:236,17,0,0
BRDA:236,17,1,0
BRDA:236,17,2,0
BRDA:236,17,3,0
BRDA:236,17,4,0
BRDA:236,17,5,0
BRDA:236,17,6,0
BRDA:236,17,7,0
BRDA:236,17,8,0
BRDA:236,17,9,0
BRDA:236,17,10,0
BRDA:236,17,11,0
BRDA:236,17,12,0
BRDA:236,17,13,0
BRDA:236,17,14,0
BRDA:236,17,15,0
BRDA:306,18,0,0
BRDA:306,18,1,0
BRDA:329,19,0,0
BRDA:329,19,1,0
BRDA:329,20,0,0
BRDA:329,20,1,0
BRDA:330,21,0,0
BRDA:330,21,1,0
BRDA:367,22,0,0
BRDA:367,22,1,0
BRDA:376,23,0,0
BRDA:376,23,1,0
BRDA:377,24,0,0
BRDA:377,24,1,0
BRDA:387,25,0,0
BRDA:387,25,1,0
BRDA:459,26,0,0
BRDA:459,26,1,0
BRDA:491,27,0,0
BRDA:491,27,1,0
BRDA:556,28,0,0
BRDA:556,28,1,0
BRDA:583,29,0,0
BRDA:583,29,1,0
BRDA:603,30,0,0
BRDA:616,31,0,0
BRDA:616,31,1,0
BRDA:695,32,0,0
BRDA:695,32,1,0
BRDA:724,33,0,0
BRDA:724,33,1,0
BRDA:727,34,0,0
BRDA:727,34,1,0
BRDA:770,35,0,0
BRDA:770,35,1,0
BRDA:776,36,0,0
BRDA:776,36,1,0
BRDA:778,37,0,0
BRDA:778,37,1,0
BRDA:796,38,0,0
BRDA:796,38,1,0
BRDA:889,39,0,0
BRDA:889,39,1,0
BRDA:892,40,0,0
BRDA:892,40,1,0
BRDA:892,41,0,0
BRDA:892,41,1,0
BRDA:905,42,0,0
BRDA:905,42,1,0
BRDA:912,43,0,0
BRDA:912,43,1,0
BRDA:912,44,0,0
BRDA:912,44,1,0
BRDA:919,45,0,0
BRDA:919,45,1,0
BRDA:940,46,0,0
BRDA:940,46,1,0
BRF:107
BRH:0
end_of_record
TN:
SF:offscreen.js
FN:16,(anonymous_0)
FN:24,(anonymous_1)
FN:36,handleMessage
FN:53,handleStartRecording
FN:86,handleStopRecording
FN:117,(anonymous_5)
FN:143,handleGetRecordingStatus
FN:160,blobToBase64
FN:161,(anonymous_8)
FN:163,(anonymous_9)
FN:170,startDurationCheck
FN:177,(anonymous_11)
FN:195,(anonymous_12)
FN:208,(anonymous_13)
FN:220,stopDurationCheck
FNF:15
FNH:0
FNDA:0,(anonymous_0)
FNDA:0,(anonymous_1)
FNDA:0,handleMessage
FNDA:0,handleStartRecording
FNDA:0,handleStopRecording
FNDA:0,(anonymous_5)
FNDA:0,handleGetRecordingStatus
FNDA:0,blobToBase64
FNDA:0,(anonymous_8)
FNDA:0,(anonymous_9)
FNDA:0,startDurationCheck
FNDA:0,(anonymous_11)
FNDA:0,(anonymous_12)
FNDA:0,(anonymous_13)
FNDA:0,stopDurationCheck
DA:3,0
DA:6,0
DA:7,0
DA:10,0
DA:11,0
DA:12,0
DA:13,0
DA:16,0
DA:17,0
DA:20,0
DA:21,0
DA:24,0
DA:25,0
DA:26,0
DA:32,0
DA:37,0
DA:39,0
DA:42,0
DA:45,0
DA:48,0
DA:54,0
DA:55,0
DA:57,0
DA:58,0
DA:61,0
DA:64,0
DA:67,0
DA:70,0
DA:71,0
DA:72,0
DA:74,0
DA:76,0
DA:80,0
DA:81,0
DA:87,0
DA:88,0
DA:89,0
DA:92,0
DA:95,0
DA:98,0
DA:99,0
DA:101,0
DA:107,0
DA:108,0
DA:109,0
DA:112,0
DA:115,0
DA:116,0
DA:117,0
DA:127,0
DA:128,0
DA:129,0
DA:131,0
DA:137,0
DA:138,0
DA:144,0
DA:145,0
DA:146,0
DA:148,0
DA:154,0
DA:155,0
DA:161,0
DA:162,0
DA:163,0
DA:164,0
DA:165,0
DA:172,0
DA:173,0
DA:177,0
DA:178,0
DA:179,0
DA:180,0
DA:183,0
DA:186,0
DA:187,0
DA:188,0
DA:191,0
DA:196,0
DA:201,0
DA:202,0
DA:205,0
DA:209,0
DA:213,0
DA:221,0
DA:222,0
DA:223,0
LF:86
LH:0
BRDA:20,0,0,0
BRDA:20,0,1,0
BRDA:37,1,0,0
BRDA:37,1,1,0
BRDA:37,1,2,0
BRDA:37,1,3,0
BRDA:57,2,0,0
BRDA:57,2,1,0
BRDA:88,3,0,0
BRDA:88,3,1,0
BRDA:88,4,0,0
BRDA:88,4,1,0
BRDA:145,5,0,0
BRDA:145,5,1,0
BRDA:146,6,0,0
BRDA:146,6,1,0
BRDA:172,7,0,0
BRDA:172,7,1,0
BRDA:178,8,0,0
BRDA:178,8,1,0
BRDA:178,9,0,0
BRDA:178,9,1,0
BRDA:186,10,0,0
BRDA:186,10,1,0
BRDA:186,11,0,0
BRDA:186,11,1,0
BRDA:201,12,0,0
BRDA:201,12,1,0
BRDA:221,13,0,0
BRDA:221,13,1,0
BRF:30
BRH:0
end_of_record
TN:
SF:lib/audio-encoder.js
FN:16,(anonymous_0)
FN:54,(anonymous_1)
FN:83,(anonymous_2)
FN:108,(anonymous_3)
FN:151,(anonymous_4)
FN:226,(anonymous_5)
FN:236,(anonymous_6)
FNF:7
FNH:0
FNDA:0,(anonymous_0)
FNDA:0,(anonymous_1)
FNDA:0,(anonymous_2)
FNDA:0,(anonymous_3)
FNDA:0,(anonymous_4)
FNDA:0,(anonymous_5)
FNDA:0,(anonymous_6)
DA:17,0
DA:21,0
DA:23,0
DA:30,0
DA:31,0
DA:32,0
DA:36,0
DA:37,0
DA:41,0
DA:42,0
DA:44,0
DA:45,0
DA:55,0
DA:57,0
DA:58,0
DA:59,0
DA:62,0
DA:64,0
DA:71,0
DA:73,0
DA:74,0
DA:84,0
DA:85,0
DA:86,0
DA:87,0
DA:91,0
DA:92,0
DA:95,0
DA:96,0
DA:97,0
DA:98,0
DA:99,0
DA:103,0
DA:104,0
DA:105,0
DA:108,0
DA:109,0
DA:110,0
DA:115,0
DA:116,0
DA:117,0
DA:120,0
DA:121,0
DA:122,0
DA:123,0
DA:124,0
DA:125,0
DA:126,0
DA:127,0
DA:130,0
DA:131,0
DA:134,0
DA:135,0
DA:136,0
DA:137,0
DA:138,0
DA:139,0
DA:142,0
DA:152,0
DA:154,0
DA:155,0
DA:156,0
DA:158,0
DA:159,0
DA:160,0
DA:161,0
DA:163,0
DA:169,0
DA:170,0
DA:171,0
DA:173,0
DA:174,0
DA:175,0
DA:178,0
DA:185,0
DA:186,0
DA:187,0
DA:188,0
DA:189,0
DA:194,0
DA:197,0
DA:198,0
DA:200,0
DA:208,0
DA:209,0
DA:212,0
DA:213,0
DA:215,0
DA:216,0
DA:227,0
DA:237,0
DA:238,0
DA:243,0
DA:244,0
LF:94
LH:0
BRDA:16,0,0,0
BRDA:19,1,0,0
BRDA:20,2,0,0
BRDA:30,3,0,0
BRDA:30,3,1,0
BRDA:30,4,0,0
BRDA:30,4,1,0
BRDA:36,5,0,0
BRDA:36,5,1,0
BRDA:57,6,0,0
BRDA:57,6,1,0
BRDA:91,7,0,0
BRDA:91,7,1,0
BRDA:138,8,0,0
BRDA:138,8,1,0
BRDA:151,9,0,0
BRDA:154,10,0,0
BRDA:154,10,1,0
BRDA:226,11,0,0
BRDA:236,12,0,0
BRDA:243,13,0,0
BRDA:243,13,1,0
BRDA:243,14,0,0
BRDA:243,14,1,0
BRF:24
BRH:0
end_of_record
TN:
SF:lib/audio-recorder.js
FN:4,(anonymous_0)
FN:16,(anonymous_1)
FN:19,(anonymous_2)
FN:33,(anonymous_3)
FN:68,(anonymous_4)
FN:102,(anonymous_5)
FN:103,(anonymous_6)
FN:112,(anonymous_7)
FN:123,(anonymous_8)
FN:150,(anonymous_9)
FN:158,(anonymous_10)
FN:168,(anonymous_11)
FN:170,(anonymous_12)
FNF:13
FNH:0
FNDA:0,(anonymous_0)
FNDA:0,(anonymous_1)
FNDA:0,(anonymous_2)
FNDA:0,(anonymous_3)
FNDA:0,(anonymous_4)
FNDA:0,(anonymous_5)
FNDA:0,(anonymous_6)
FNDA:0,(anonymous_7)
FNDA:0,(anonymous_8)
FNDA:0,(anonymous_9)
FNDA:0,(anonymous_10)
FNDA:0,(anonymous_11)
FNDA:0,(anonymous_12)
DA:5,0
DA:6,0
DA:7,0
DA:8,0
DA:9,0
DA:17,0
DA:18,0
DA:19,0
DA:20,0
DA:21,0
DA:23,0
DA:24,0
DA:34,0
DA:35,0
DA:36,0
DA:39,0
DA:42,0
DA:51,0
DA:54,0
DA:60,0
DA:61,0
DA:62,0
DA:65,0
DA:68,0
DA:69,0
DA:70,0
DA:71,0
DA:76,0
DA:77,0
DA:78,0
DA:79,0
DA:81,0
DA:83,0
DA:86,0
DA:87,0
DA:88,0
DA:89,0
DA:90,0
DA:91,0
DA:93,0
DA:103,0
DA:104,0
DA:105,0
DA:106,0
DA:109,0
DA:112,0
DA:113,0
DA:115,0
DA:116,0
DA:118,0
DA:119,0
DA:122,0
DA:123,0
DA:124,0
DA:128,0
DA:129,0
DA:131,0
DA:133,0
DA:138,0
DA:140,0
DA:141,0
DA:151,0
DA:159,0
DA:160,0
DA:162,0
DA:169,0
DA:170,0
DA:171,0
DA:174,0
DA:175,0
DA:178,0
DA:179,0
DA:180,0
DA:181,0
DA:183,0
DA:188,0
DA:189,0
LF:77
LH:0
BRDA:35,0,0,0
BRDA:35,0,1,0
BRDA:44,1,0,0
BRDA:44,1,1,0
BRDA:60,2,0,0
BRDA:60,2,1,0
BRDA:69,3,0,0
BRDA:69,3,1,0
BRDA:86,4,0,0
BRDA:86,4,1,0
BRDA:88,5,0,0
BRDA:88,5,1,0
BRDA:90,6,0,0
BRDA:90,6,1,0
BRDA:105,7,0,0
BRDA:105,7,1,0
BRDA:115,8,0,0
BRDA:115,8,1,0
BRDA:122,9,0,0
BRDA:122,9,1,0
BRDA:159,10,0,0
BRDA:159,10,1,0
BRDA:169,11,0,0
BRDA:169,11,1,0
BRDA:174,12,0,0
BRDA:174,12,1,0
BRDA:174,13,0,0
BRDA:174,13,1,0
BRDA:188,14,0,0
BRDA:188,14,1,0
BRDA:188,15,0,0
BRDA:188,15,1,0
BRF:32
BRH:0
end_of_record
TN:
SF:lib/audio-storage.js
FN:10,(anonymous_0)
FN:18,(anonymous_1)
FN:23,(anonymous_2)
FN:26,(anonymous_3)
FN:31,(anonymous_4)
FN:37,(anonymous_5)
FN:61,(anonymous_6)
FN:77,(anonymous_7)
FN:82,(anonymous_8)
FN:87,(anonymous_9)
FN:103,(anonymous_10)
FN:107,(anonymous_11)
FN:112,(anonymous_12)
FN:122,(anonymous_13)
FN:138,(anonymous_14)
FN:142,(anonymous_15)
FN:147,(anonymous_16)
FN:152,(anonymous_17)
FN:167,(anonymous_18)
FN:171,(anonymous_19)
FN:176,(anonymous_20)
FN:181,(anonymous_21)
FN:196,(anonymous_22)
FN:227,(anonymous_23)
FN:238,(anonymous_24)
FN:264,(anonymous_25)
FN:267,(anonymous_26)
FN:273,(anonymous_27)
FN:291,(anonymous_28)
FN:295,(anonymous_29)
FN:300,(anonymous_30)
FN:305,(anonymous_31)
FN:321,(anonymous_32)
FN:331,(anonymous_33)
FNF:34
FNH:0
FNDA:0,(anonymous_0)
FNDA:0,(anonymous_1)
FNDA:0,(anonymous_2)
FNDA:0,(anonymous_3)
FNDA:0,(anonymous_4)
FNDA:0,(anonymous_5)
FNDA:0,(anonymous_6)
FNDA:0,(anonymous_7)
FNDA:0,(anonymous_8)
FNDA:0,(anonymous_9)
FNDA:0,(anonymous_10)
FNDA:0,(anonymous_11)
FNDA:0,(anonymous_12)
FNDA:0,(anonymous_13)
FNDA:0,(anonymous_14)
FNDA:0,(anonymous_15)
FNDA:0,(anonymous_16)
FNDA:0,(anonymous_17)
FNDA:0,(anonymous_18)
FNDA:0,(anonymous_19)
FNDA:0,(anonymous_20)
FNDA:0,(anonymous_21)
FNDA:0,(anonymous_22)
FNDA:0,(anonymous_23)
FNDA:0,(anonymous_24)
FNDA:0,(anonymous_25)
FNDA:0,(anonymous_26)
FNDA:0,(anonymous_27)
FNDA:0,(anonymous_28)
FNDA:0,(anonymous_29)
FNDA:0,(anonymous_30)
FNDA:0,(anonymous_31)
FNDA:0,(anonymous_32)
FNDA:0,(anonymous_33)
DA:5,0
DA:6,0
DA:7,0
DA:8,0
DA:11,0
DA:19,0
DA:20,0
DA:23,0
DA:24,0
DA:26,0
DA:27,0
DA:28,0
DA:31,0
DA:32,0
DA:33,0
DA:34,0
DA:37,0
DA:38,0
DA:41,0
DA:42,0
DA:45,0
DA:46,0
DA:48,0
DA:62,0
DA:63,0
DA:65,0
DA:77,0
DA:78,0
DA:79,0
DA:80,0
DA:82,0
DA:83,0
DA:84,0
DA:87,0
DA:88,0
DA:89,0
DA:93,0
DA:94,0
DA:104,0
DA:105,0
DA:107,0
DA:108,0
DA:109,0
DA:110,0
DA:112,0
DA:113,0
DA:114,0
DA:115,0
DA:117,0
DA:118,0
DA:122,0
DA:123,0
DA:124,0
DA:128,0
DA:129,0
DA:139,0
DA:140,0
DA:142,0
DA:143,0
DA:144,0
DA:145,0
DA:147,0
DA:148,0
DA:149,0
DA:152,0
DA:153,0
DA:154,0
DA:158,0
DA:159,0
DA:168,0
DA:169,0
DA:171,0
DA:172,0
DA:173,0
DA:174,0
DA:176,0
DA:177,0
DA:178,0
DA:181,0
DA:182,0
DA:183,0
DA:187,0
DA:188,0
DA:197,0
DA:198,0
DA:200,0
DA:201,0
DA:202,0
DA:204,0
DA:205,0
DA:206,0
DA:207,0
DA:211,0
DA:212,0
DA:215,0
DA:217,0
DA:218,0
DA:228,0
DA:229,0
DA:231,0
DA:233,0
DA:234,0
DA:238,0
DA:241,0
DA:242,0
DA:244,0
DA:245,0
DA:246,0
DA:249,0
DA:250,0
DA:253,0
DA:255,0
DA:256,0
DA:265,0
DA:266,0
DA:267,0
DA:269,0
DA:273,0
DA:282,0
DA:283,0
DA:292,0
DA:293,0
DA:295,0
DA:296,0
DA:297,0
DA:298,0
DA:300,0
DA:301,0
DA:302,0
DA:305,0
DA:306,0
DA:307,0
DA:311,0
DA:312,0
DA:322,0
DA:323,0
DA:324,0
DA:325,0
DA:332,0
DA:333,0
DA:334,0
DA:335,0
DA:341,0
DA:342,0
LF:144
LH:0
BRDA:19,0,0,0
BRDA:19,0,1,0
BRDA:41,1,0,0
BRDA:41,1,1,0
BRDA:61,2,0,0
BRDA:72,3,0,0
BRDA:72,3,1,0
BRDA:113,4,0,0
BRDA:113,4,1,0
BRDA:205,5,0,0
BRDA:205,5,1,0
BRDA:205,6,0,0
BRDA:205,6,1,0
BRDA:211,7,0,0
BRDA:211,7,1,0
BRDA:227,8,0,0
BRDA:233,9,0,0
BRDA:233,9,1,0
BRDA:249,10,0,0
BRDA:249,10,1,0
BRDA:267,11,0,0
BRDA:267,11,1,0
BRDA:322,12,0,0
BRDA:322,12,1,0
BRDA:332,13,0,0
BRDA:332,13,1,0
BRDA:341,14,0,0
BRDA:341,14,1,0
BRDA:341,15,0,0
BRDA:341,15,1,0
BRF:30
BRH:0
end_of_record
TN:
SF:lib/openai-client.js
FN:9,(anonymous_0)
FN:20,(anonymous_1)
FN:29,(anonymous_2)
FN:42,(anonymous_3)
FN:44,(anonymous_4)
FN:111,(anonymous_5)
FN:183,(anonymous_6)
FN:214,(anonymous_7)
FN:239,(anonymous_8)
FNF:9
FNH:0
FNDA:0,(anonymous_0)
FNDA:0,(anonymous_1)
FNDA:0,(anonymous_2)
FNDA:0,(anonymous_3)
FNDA:0,(anonymous_4)
FNDA:0,(anonymous_5)
FNDA:0,(anonymous_6)
FNDA:0,(anonymous_7)
FNDA:0,(anonymous_8)
DA:5,0
DA:6,0
DA:7,0
DA:10,0
DA:11,0
DA:21,0
DA:22,0
DA:25,0
DA:26,0
DA:27,0
DA:29,0
DA:30,0
DA:32,0
DA:44,0
DA:45,0
DA:50,0
DA:52,0
DA:59,0
DA:60,0
DA:64,0
DA:66,0
DA:67,0
DA:68,0
DA:69,0
DA:70,0
DA:72,0
DA:73,0
DA:77,0
DA:85,0
DA:86,0
DA:89,0
DA:90,0
DA:94,0
DA:99,0
DA:100,0
DA:112,0
DA:118,0
DA:120,0
DA:128,0
DA:130,0
DA:133,0
DA:134,0
DA:137,0
DA:140,0
DA:157,0
DA:158,0
DA:161,0
DA:162,0
DA:164,0
DA:169,0
DA:174,0
DA:175,0
DA:184,0
DA:186,0
DA:187,0
DA:188,0
DA:189,0
DA:195,0
DA:196,0
DA:197,0
DA:198,0
DA:199,0
DA:200,0
DA:201,0
DA:202,0
DA:204,0
DA:216,0
DA:221,0
DA:222,0
DA:223,0
DA:224,0
DA:225,0
DA:228,0
DA:240,0
DA:241,0
DA:248,0
DA:250,0
DA:251,0
DA:257,0
DA:258,0
LF:80
LH:0
BRDA:20,0,0,0
BRDA:25,1,0,0
BRDA:25,1,1,0
BRDA:25,2,0,0
BRDA:25,2,1,0
BRDA:42,3,0,0
BRDA:47,4,0,0
BRDA:48,5,0,0
BRDA:49,6,0,0
BRDA:59,7,0,0
BRDA:59,7,1,0
BRDA:66,8,0,0
BRDA:66,8,1,0
BRDA:72,9,0,0
BRDA:72,9,1,0
BRDA:85,10,0,0
BRDA:85,10,1,0
BRDA:111,11,0,0
BRDA:114,12,0,0
BRDA:115,13,0,0
BRDA:116,14,0,0
BRDA:117,15,0,0
BRDA:128,16,0,0
BRDA:128,16,1,0
BRDA:157,17,0,0
BRDA:157,17,1,0
BRDA:188,18,0,0
BRDA:188,18,1,0
BRDA:188,19,0,0
BRDA:188,19,1,0
BRDA:195,20,0,0
BRDA:195,20,1,0
BRDA:197,21,0,0
BRDA:197,21,1,0
BRDA:199,22,0,0
BRDA:199,22,1,0
BRDA:201,23,0,0
BRDA:201,23,1,0
BRDA:214,24,0,0
BRDA:222,25,0,0
BRDA:222,25,1,0
BRDA:257,26,0,0
BRDA:257,26,1,0
BRDA:257,27,0,0
BRDA:257,27,1,0
BRF:45
BRH:0
end_of_record
TN:
SF:lib/storage.js
FN:22,(anonymous_0)
FN:37,(anonymous_1)
FN:54,(anonymous_2)
FN:80,(anonymous_3)
FN:98,(anonymous_4)
FN:101,(anonymous_5)
FN:124,(anonymous_6)
FN:127,(anonymous_7)
FN:142,(anonymous_8)
FN:145,(anonymous_9)
FN:156,(anonymous_10)
FN:170,(anonymous_11)
FN:185,(anonymous_12)
FN:210,(anonymous_13)
FN:211,(anonymous_14)
FN:223,(anonymous_15)
FNF:16
FNH:0
FNDA:0,(anonymous_0)
FNDA:0,(anonymous_1)
FNDA:0,(anonymous_2)
FNDA:0,(anonymous_3)
FNDA:0,(anonymous_4)
FNDA:0,(anonymous_5)
FNDA:0,(anonymous_6)
FNDA:0,(anonymous_7)
FNDA:0,(anonymous_8)
FNDA:0,(anonymous_9)
FNDA:0,(anonymous_10)
FNDA:0,(anonymous_11)
FNDA:0,(anonymous_12)
FNDA:0,(anonymous_13)
FNDA:0,(anonymous_14)
FNDA:0,(anonymous_15)
DA:5,0
DA:6,0
DA:23,0
DA:25,0
DA:26,0
DA:28,0
DA:29,0
DA:38,0
DA:39,0
DA:40,0
DA:41,0
DA:42,0
DA:44,0
DA:45,0
DA:55,0
DA:57,0
DA:60,0
DA:63,0
DA:64,0
DA:68,0
DA:69,0
DA:71,0
DA:72,0
DA:81,0
DA:82,0
DA:83,0
DA:84,0
DA:85,0
DA:87,0
DA:88,0
DA:99,0
DA:100,0
DA:101,0
DA:103,0
DA:104,0
DA:108,0
DA:111,0
DA:112,0
DA:114,0
DA:115,0
DA:125,0
DA:126,0
DA:127,0
DA:129,0
DA:130,0
DA:132,0
DA:133,0
DA:143,0
DA:144,0
DA:145,0
DA:147,0
DA:148,0
DA:157,0
DA:158,0
DA:159,0
DA:161,0
DA:162,0
DA:171,0
DA:172,0
DA:173,0
DA:174,0
DA:176,0
DA:177,0
DA:186,0
DA:187,0
DA:188,0
DA:190,0
DA:201,0
DA:202,0
DA:211,0
DA:212,0
DA:213,0
DA:214,0
DA:224,0
DA:239,0
DA:240,0
LF:76
LH:0
BRDA:40,0,0,0
BRDA:40,0,1,0
BRDA:63,1,0,0
BRDA:63,1,1,0
BRDA:83,2,0,0
BRDA:83,2,1,0
BRDA:103,3,0,0
BRDA:103,3,1,0
BRDA:145,4,0,0
BRDA:145,4,1,0
BRDA:213,5,0,0
BRDA:213,5,1,0
BRDA:227,6,0,0
BRDA:227,6,1,0
BRDA:228,7,0,0
BRDA:228,7,1,0
BRDA:229,8,0,0
BRDA:229,8,1,0
BRDA:230,9,0,0
BRDA:230,9,1,0
BRDA:231,10,0,0
BRDA:231,10,1,0
BRDA:232,11,0,0
BRDA:232,11,1,0
BRDA:233,12,0,0
BRDA:233,12,1,0
BRDA:239,13,0,0
BRDA:239,13,1,0
BRDA:239,14,0,0
BRDA:239,14,1,0
BRF:30
BRH:0
end_of_record
